error: Error during user registration: Cannot read properties of undefined (reading 'getBy') {"stack":"TypeError: Cannot read properties of undefined (reading 'getBy')\n    at UserRepository.getUserBy (C:\\Users\\Nixon\\Desktop\\Curso BACKEND\\src\\repositories\\user.repository.js:7:49)\n    at register (C:\\Users\\Nixon\\Desktop\\Curso BACKEND\\src\\controllers\\session.controllers.js:22:57)\n    at Layer.handle [as handle_request] (C:\\Users\\Nixon\\Desktop\\Curso BACKEND\\node_modules\\express\\lib\\router\\layer.js:95:5)\n    at next (C:\\Users\\Nixon\\Desktop\\Curso BACKEND\\node_modules\\express\\lib\\router\\route.js:144:13)\n    at Route.dispatch (C:\\Users\\Nixon\\Desktop\\Curso BACKEND\\node_modules\\express\\lib\\router\\route.js:114:3)\n    at Layer.handle [as handle_request] (C:\\Users\\Nixon\\Desktop\\Curso BACKEND\\node_modules\\express\\lib\\router\\layer.js:95:5)\n    at C:\\Users\\Nixon\\Desktop\\Curso BACKEND\\node_modules\\express\\lib\\router\\index.js:284:15\n    at Function.process_params (C:\\Users\\Nixon\\Desktop\\Curso BACKEND\\node_modules\\express\\lib\\router\\index.js:346:12)\n    at next (C:\\Users\\Nixon\\Desktop\\Curso BACKEND\\node_modules\\express\\lib\\router\\index.js:280:10)\n    at Function.handle (C:\\Users\\Nixon\\Desktop\\Curso BACKEND\\node_modules\\express\\lib\\router\\index.js:175:3)"}
error: Error during user registration: Cannot read properties of undefined (reading 'getBy') {"stack":"TypeError: Cannot read properties of undefined (reading 'getBy')\n    at UserRepository.getUserBy (C:\\Users\\Nixon\\Desktop\\Curso BACKEND\\src\\repositories\\user.repository.js:7:49)\n    at register (C:\\Users\\Nixon\\Desktop\\Curso BACKEND\\src\\controllers\\session.controllers.js:22:57)\n    at Layer.handle [as handle_request] (C:\\Users\\Nixon\\Desktop\\Curso BACKEND\\node_modules\\express\\lib\\router\\layer.js:95:5)\n    at next (C:\\Users\\Nixon\\Desktop\\Curso BACKEND\\node_modules\\express\\lib\\router\\route.js:144:13)\n    at Route.dispatch (C:\\Users\\Nixon\\Desktop\\Curso BACKEND\\node_modules\\express\\lib\\router\\route.js:114:3)\n    at Layer.handle [as handle_request] (C:\\Users\\Nixon\\Desktop\\Curso BACKEND\\node_modules\\express\\lib\\router\\layer.js:95:5)\n    at C:\\Users\\Nixon\\Desktop\\Curso BACKEND\\node_modules\\express\\lib\\router\\index.js:284:15\n    at Function.process_params (C:\\Users\\Nixon\\Desktop\\Curso BACKEND\\node_modules\\express\\lib\\router\\index.js:346:12)\n    at next (C:\\Users\\Nixon\\Desktop\\Curso BACKEND\\node_modules\\express\\lib\\router\\index.js:280:10)\n    at Function.handle (C:\\Users\\Nixon\\Desktop\\Curso BACKEND\\node_modules\\express\\lib\\router\\index.js:175:3)"}
error: Error during user login: Cannot read properties of undefined (reading 'getBy') {"stack":"TypeError: Cannot read properties of undefined (reading 'getBy')\n    at UserRepository.getUserBy (C:\\Users\\Nixon\\Desktop\\Curso BACKEND\\src\\repositories\\user.repository.js:7:49)\n    at login (C:\\Users\\Nixon\\Desktop\\Curso BACKEND\\src\\controllers\\session.controllers.js:89:49)\n    at Layer.handle [as handle_request] (C:\\Users\\Nixon\\Desktop\\Curso BACKEND\\node_modules\\express\\lib\\router\\layer.js:95:5)\n    at next (C:\\Users\\Nixon\\Desktop\\Curso BACKEND\\node_modules\\express\\lib\\router\\route.js:144:13)\n    at Route.dispatch (C:\\Users\\Nixon\\Desktop\\Curso BACKEND\\node_modules\\express\\lib\\router\\route.js:114:3)\n    at Layer.handle [as handle_request] (C:\\Users\\Nixon\\Desktop\\Curso BACKEND\\node_modules\\express\\lib\\router\\layer.js:95:5)\n    at C:\\Users\\Nixon\\Desktop\\Curso BACKEND\\node_modules\\express\\lib\\router\\index.js:284:15\n    at Function.process_params (C:\\Users\\Nixon\\Desktop\\Curso BACKEND\\node_modules\\express\\lib\\router\\index.js:346:12)\n    at next (C:\\Users\\Nixon\\Desktop\\Curso BACKEND\\node_modules\\express\\lib\\router\\index.js:280:10)\n    at Function.handle (C:\\Users\\Nixon\\Desktop\\Curso BACKEND\\node_modules\\express\\lib\\router\\index.js:175:3)"}
error: Error during user registration: Cannot read properties of undefined (reading 'getBy') {"stack":"TypeError: Cannot read properties of undefined (reading 'getBy')\n    at UserRepository.getUserBy (C:\\Users\\Nixon\\Desktop\\Curso BACKEND\\src\\repositories\\user.repository.js:7:49)\n    at register (C:\\Users\\Nixon\\Desktop\\Curso BACKEND\\src\\controllers\\session.controllers.js:22:57)\n    at Layer.handle [as handle_request] (C:\\Users\\Nixon\\Desktop\\Curso BACKEND\\node_modules\\express\\lib\\router\\layer.js:95:5)\n    at next (C:\\Users\\Nixon\\Desktop\\Curso BACKEND\\node_modules\\express\\lib\\router\\route.js:144:13)\n    at Route.dispatch (C:\\Users\\Nixon\\Desktop\\Curso BACKEND\\node_modules\\express\\lib\\router\\route.js:114:3)\n    at Layer.handle [as handle_request] (C:\\Users\\Nixon\\Desktop\\Curso BACKEND\\node_modules\\express\\lib\\router\\layer.js:95:5)\n    at C:\\Users\\Nixon\\Desktop\\Curso BACKEND\\node_modules\\express\\lib\\router\\index.js:284:15\n    at Function.process_params (C:\\Users\\Nixon\\Desktop\\Curso BACKEND\\node_modules\\express\\lib\\router\\index.js:346:12)\n    at next (C:\\Users\\Nixon\\Desktop\\Curso BACKEND\\node_modules\\express\\lib\\router\\index.js:280:10)\n    at Function.handle (C:\\Users\\Nixon\\Desktop\\Curso BACKEND\\node_modules\\express\\lib\\router\\index.js:175:3)"}
error: Error during user registration: Cannot read properties of undefined (reading 'getBy') {"stack":"TypeError: Cannot read properties of undefined (reading 'getBy')\n    at UserRepository.getUserBy (C:\\Users\\Nixon\\Desktop\\Curso BACKEND\\src\\repositories\\user.repository.js:7:49)\n    at register (C:\\Users\\Nixon\\Desktop\\Curso BACKEND\\src\\controllers\\session.controllers.js:22:57)\n    at Layer.handle [as handle_request] (C:\\Users\\Nixon\\Desktop\\Curso BACKEND\\node_modules\\express\\lib\\router\\layer.js:95:5)\n    at next (C:\\Users\\Nixon\\Desktop\\Curso BACKEND\\node_modules\\express\\lib\\router\\route.js:144:13)\n    at Route.dispatch (C:\\Users\\Nixon\\Desktop\\Curso BACKEND\\node_modules\\express\\lib\\router\\route.js:114:3)\n    at Layer.handle [as handle_request] (C:\\Users\\Nixon\\Desktop\\Curso BACKEND\\node_modules\\express\\lib\\router\\layer.js:95:5)\n    at C:\\Users\\Nixon\\Desktop\\Curso BACKEND\\node_modules\\express\\lib\\router\\index.js:284:15\n    at Function.process_params (C:\\Users\\Nixon\\Desktop\\Curso BACKEND\\node_modules\\express\\lib\\router\\index.js:346:12)\n    at next (C:\\Users\\Nixon\\Desktop\\Curso BACKEND\\node_modules\\express\\lib\\router\\index.js:280:10)\n    at Function.handle (C:\\Users\\Nixon\\Desktop\\Curso BACKEND\\node_modules\\express\\lib\\router\\index.js:175:3)"}
error: Error during user registration: Cannot read properties of undefined (reading 'getBy') {"stack":"TypeError: Cannot read properties of undefined (reading 'getBy')\n    at UserRepository.getUserBy (C:\\Users\\Nixon\\Desktop\\Curso BACKEND\\src\\repositories\\user.repository.js:7:49)\n    at register (C:\\Users\\Nixon\\Desktop\\Curso BACKEND\\src\\controllers\\session.controllers.js:22:57)\n    at Layer.handle [as handle_request] (C:\\Users\\Nixon\\Desktop\\Curso BACKEND\\node_modules\\express\\lib\\router\\layer.js:95:5)\n    at next (C:\\Users\\Nixon\\Desktop\\Curso BACKEND\\node_modules\\express\\lib\\router\\route.js:144:13)\n    at Route.dispatch (C:\\Users\\Nixon\\Desktop\\Curso BACKEND\\node_modules\\express\\lib\\router\\route.js:114:3)\n    at Layer.handle [as handle_request] (C:\\Users\\Nixon\\Desktop\\Curso BACKEND\\node_modules\\express\\lib\\router\\layer.js:95:5)\n    at C:\\Users\\Nixon\\Desktop\\Curso BACKEND\\node_modules\\express\\lib\\router\\index.js:284:15\n    at Function.process_params (C:\\Users\\Nixon\\Desktop\\Curso BACKEND\\node_modules\\express\\lib\\router\\index.js:346:12)\n    at next (C:\\Users\\Nixon\\Desktop\\Curso BACKEND\\node_modules\\express\\lib\\router\\index.js:280:10)\n    at Function.handle (C:\\Users\\Nixon\\Desktop\\Curso BACKEND\\node_modules\\express\\lib\\router\\index.js:175:3)"}
error: Error during user registration: Cannot read properties of undefined (reading 'getBy') {"stack":"TypeError: Cannot read properties of undefined (reading 'getBy')\n    at UserRepository.getUserBy (C:\\Users\\Nixon\\Desktop\\Curso BACKEND\\src\\repositories\\user.repository.js:7:49)\n    at register (C:\\Users\\Nixon\\Desktop\\Curso BACKEND\\src\\controllers\\session.controllers.js:22:57)\n    at Layer.handle [as handle_request] (C:\\Users\\Nixon\\Desktop\\Curso BACKEND\\node_modules\\express\\lib\\router\\layer.js:95:5)\n    at next (C:\\Users\\Nixon\\Desktop\\Curso BACKEND\\node_modules\\express\\lib\\router\\route.js:144:13)\n    at Route.dispatch (C:\\Users\\Nixon\\Desktop\\Curso BACKEND\\node_modules\\express\\lib\\router\\route.js:114:3)\n    at Layer.handle [as handle_request] (C:\\Users\\Nixon\\Desktop\\Curso BACKEND\\node_modules\\express\\lib\\router\\layer.js:95:5)\n    at C:\\Users\\Nixon\\Desktop\\Curso BACKEND\\node_modules\\express\\lib\\router\\index.js:284:15\n    at Function.process_params (C:\\Users\\Nixon\\Desktop\\Curso BACKEND\\node_modules\\express\\lib\\router\\index.js:346:12)\n    at next (C:\\Users\\Nixon\\Desktop\\Curso BACKEND\\node_modules\\express\\lib\\router\\index.js:280:10)\n    at Function.handle (C:\\Users\\Nixon\\Desktop\\Curso BACKEND\\node_modules\\express\\lib\\router\\index.js:175:3)"}
error: Error during user registration: Cannot read properties of undefined (reading 'getBy') {"stack":"TypeError: Cannot read properties of undefined (reading 'getBy')\n    at UserRepository.getUserBy (C:\\Users\\Nixon\\Desktop\\Curso BACKEND\\src\\repositories\\user.repository.js:7:49)\n    at register (C:\\Users\\Nixon\\Desktop\\Curso BACKEND\\src\\controllers\\session.controllers.js:22:57)\n    at Layer.handle [as handle_request] (C:\\Users\\Nixon\\Desktop\\Curso BACKEND\\node_modules\\express\\lib\\router\\layer.js:95:5)\n    at next (C:\\Users\\Nixon\\Desktop\\Curso BACKEND\\node_modules\\express\\lib\\router\\route.js:144:13)\n    at Route.dispatch (C:\\Users\\Nixon\\Desktop\\Curso BACKEND\\node_modules\\express\\lib\\router\\route.js:114:3)\n    at Layer.handle [as handle_request] (C:\\Users\\Nixon\\Desktop\\Curso BACKEND\\node_modules\\express\\lib\\router\\layer.js:95:5)\n    at C:\\Users\\Nixon\\Desktop\\Curso BACKEND\\node_modules\\express\\lib\\router\\index.js:284:15\n    at Function.process_params (C:\\Users\\Nixon\\Desktop\\Curso BACKEND\\node_modules\\express\\lib\\router\\index.js:346:12)\n    at next (C:\\Users\\Nixon\\Desktop\\Curso BACKEND\\node_modules\\express\\lib\\router\\index.js:280:10)\n    at Function.handle (C:\\Users\\Nixon\\Desktop\\Curso BACKEND\\node_modules\\express\\lib\\router\\index.js:175:3)"}
error: Error during user registration: Cannot read properties of undefined (reading 'getBy') {"stack":"TypeError: Cannot read properties of undefined (reading 'getBy')\n    at UserRepository.getUserBy (C:\\Users\\Nixon\\Desktop\\Curso BACKEND\\src\\repositories\\user.repository.js:7:49)\n    at register (C:\\Users\\Nixon\\Desktop\\Curso BACKEND\\src\\controllers\\session.controllers.js:22:57)\n    at Layer.handle [as handle_request] (C:\\Users\\Nixon\\Desktop\\Curso BACKEND\\node_modules\\express\\lib\\router\\layer.js:95:5)\n    at next (C:\\Users\\Nixon\\Desktop\\Curso BACKEND\\node_modules\\express\\lib\\router\\route.js:144:13)\n    at Route.dispatch (C:\\Users\\Nixon\\Desktop\\Curso BACKEND\\node_modules\\express\\lib\\router\\route.js:114:3)\n    at Layer.handle [as handle_request] (C:\\Users\\Nixon\\Desktop\\Curso BACKEND\\node_modules\\express\\lib\\router\\layer.js:95:5)\n    at C:\\Users\\Nixon\\Desktop\\Curso BACKEND\\node_modules\\express\\lib\\router\\index.js:284:15\n    at Function.process_params (C:\\Users\\Nixon\\Desktop\\Curso BACKEND\\node_modules\\express\\lib\\router\\index.js:346:12)\n    at next (C:\\Users\\Nixon\\Desktop\\Curso BACKEND\\node_modules\\express\\lib\\router\\index.js:280:10)\n    at Function.handle (C:\\Users\\Nixon\\Desktop\\Curso BACKEND\\node_modules\\express\\lib\\router\\index.js:175:3)"}
error: Error during user login: Cannot read properties of undefined (reading 'getBy') {"stack":"TypeError: Cannot read properties of undefined (reading 'getBy')\n    at UserRepository.getUserBy (C:\\Users\\Nixon\\Desktop\\Curso BACKEND\\src\\repositories\\user.repository.js:7:49)\n    at login (C:\\Users\\Nixon\\Desktop\\Curso BACKEND\\src\\controllers\\session.controllers.js:89:49)\n    at Layer.handle [as handle_request] (C:\\Users\\Nixon\\Desktop\\Curso BACKEND\\node_modules\\express\\lib\\router\\layer.js:95:5)\n    at next (C:\\Users\\Nixon\\Desktop\\Curso BACKEND\\node_modules\\express\\lib\\router\\route.js:144:13)\n    at Route.dispatch (C:\\Users\\Nixon\\Desktop\\Curso BACKEND\\node_modules\\express\\lib\\router\\route.js:114:3)\n    at Layer.handle [as handle_request] (C:\\Users\\Nixon\\Desktop\\Curso BACKEND\\node_modules\\express\\lib\\router\\layer.js:95:5)\n    at C:\\Users\\Nixon\\Desktop\\Curso BACKEND\\node_modules\\express\\lib\\router\\index.js:284:15\n    at Function.process_params (C:\\Users\\Nixon\\Desktop\\Curso BACKEND\\node_modules\\express\\lib\\router\\index.js:346:12)\n    at next (C:\\Users\\Nixon\\Desktop\\Curso BACKEND\\node_modules\\express\\lib\\router\\index.js:280:10)\n    at Function.handle (C:\\Users\\Nixon\\Desktop\\Curso BACKEND\\node_modules\\express\\lib\\router\\index.js:175:3)"}
error: Error during user login: Cannot read properties of undefined (reading 'getBy') {"stack":"TypeError: Cannot read properties of undefined (reading 'getBy')\n    at UserRepository.getUserBy (C:\\Users\\Nixon\\Desktop\\Curso BACKEND\\src\\repositories\\user.repository.js:7:49)\n    at login (C:\\Users\\Nixon\\Desktop\\Curso BACKEND\\src\\controllers\\session.controllers.js:89:49)\n    at Layer.handle [as handle_request] (C:\\Users\\Nixon\\Desktop\\Curso BACKEND\\node_modules\\express\\lib\\router\\layer.js:95:5)\n    at next (C:\\Users\\Nixon\\Desktop\\Curso BACKEND\\node_modules\\express\\lib\\router\\route.js:144:13)\n    at Route.dispatch (C:\\Users\\Nixon\\Desktop\\Curso BACKEND\\node_modules\\express\\lib\\router\\route.js:114:3)\n    at Layer.handle [as handle_request] (C:\\Users\\Nixon\\Desktop\\Curso BACKEND\\node_modules\\express\\lib\\router\\layer.js:95:5)\n    at C:\\Users\\Nixon\\Desktop\\Curso BACKEND\\node_modules\\express\\lib\\router\\index.js:284:15\n    at Function.process_params (C:\\Users\\Nixon\\Desktop\\Curso BACKEND\\node_modules\\express\\lib\\router\\index.js:346:12)\n    at next (C:\\Users\\Nixon\\Desktop\\Curso BACKEND\\node_modules\\express\\lib\\router\\index.js:280:10)\n    at Function.handle (C:\\Users\\Nixon\\Desktop\\Curso BACKEND\\node_modules\\express\\lib\\router\\index.js:175:3)"}
error: Error during user registration: Cannot read properties of undefined (reading 'getBy') {"stack":"TypeError: Cannot read properties of undefined (reading 'getBy')\n    at UserRepository.getUserBy (C:\\Users\\Nixon\\Desktop\\Curso BACKEND\\src\\repositories\\user.repository.js:7:49)\n    at register (C:\\Users\\Nixon\\Desktop\\Curso BACKEND\\src\\controllers\\session.controllers.js:22:57)\n    at Layer.handle [as handle_request] (C:\\Users\\Nixon\\Desktop\\Curso BACKEND\\node_modules\\express\\lib\\router\\layer.js:95:5)\n    at next (C:\\Users\\Nixon\\Desktop\\Curso BACKEND\\node_modules\\express\\lib\\router\\route.js:144:13)\n    at Route.dispatch (C:\\Users\\Nixon\\Desktop\\Curso BACKEND\\node_modules\\express\\lib\\router\\route.js:114:3)\n    at Layer.handle [as handle_request] (C:\\Users\\Nixon\\Desktop\\Curso BACKEND\\node_modules\\express\\lib\\router\\layer.js:95:5)\n    at C:\\Users\\Nixon\\Desktop\\Curso BACKEND\\node_modules\\express\\lib\\router\\index.js:284:15\n    at Function.process_params (C:\\Users\\Nixon\\Desktop\\Curso BACKEND\\node_modules\\express\\lib\\router\\index.js:346:12)\n    at next (C:\\Users\\Nixon\\Desktop\\Curso BACKEND\\node_modules\\express\\lib\\router\\index.js:280:10)\n    at Function.handle (C:\\Users\\Nixon\\Desktop\\Curso BACKEND\\node_modules\\express\\lib\\router\\index.js:175:3)"}
error: Error during user registration: Cannot read properties of undefined (reading 'getBy') {"stack":"TypeError: Cannot read properties of undefined (reading 'getBy')\n    at UserRepository.getUserBy (C:\\Users\\Nixon\\Desktop\\Curso BACKEND\\src\\repositories\\user.repository.js:7:49)\n    at register (C:\\Users\\Nixon\\Desktop\\Curso BACKEND\\src\\controllers\\session.controllers.js:22:57)\n    at Layer.handle [as handle_request] (C:\\Users\\Nixon\\Desktop\\Curso BACKEND\\node_modules\\express\\lib\\router\\layer.js:95:5)\n    at next (C:\\Users\\Nixon\\Desktop\\Curso BACKEND\\node_modules\\express\\lib\\router\\route.js:144:13)\n    at Route.dispatch (C:\\Users\\Nixon\\Desktop\\Curso BACKEND\\node_modules\\express\\lib\\router\\route.js:114:3)\n    at Layer.handle [as handle_request] (C:\\Users\\Nixon\\Desktop\\Curso BACKEND\\node_modules\\express\\lib\\router\\layer.js:95:5)\n    at C:\\Users\\Nixon\\Desktop\\Curso BACKEND\\node_modules\\express\\lib\\router\\index.js:284:15\n    at Function.process_params (C:\\Users\\Nixon\\Desktop\\Curso BACKEND\\node_modules\\express\\lib\\router\\index.js:346:12)\n    at next (C:\\Users\\Nixon\\Desktop\\Curso BACKEND\\node_modules\\express\\lib\\router\\index.js:280:10)\n    at Function.handle (C:\\Users\\Nixon\\Desktop\\Curso BACKEND\\node_modules\\express\\lib\\router\\index.js:175:3)"}
error: Error during user registration: Cannot read properties of undefined (reading 'getBy') {"stack":"TypeError: Cannot read properties of undefined (reading 'getBy')\n    at UserRepository.getUserBy (C:\\Users\\Nixon\\Desktop\\Curso BACKEND\\src\\repositories\\user.repository.js:7:49)\n    at register (C:\\Users\\Nixon\\Desktop\\Curso BACKEND\\src\\controllers\\session.controllers.js:22:57)\n    at Layer.handle [as handle_request] (C:\\Users\\Nixon\\Desktop\\Curso BACKEND\\node_modules\\express\\lib\\router\\layer.js:95:5)\n    at next (C:\\Users\\Nixon\\Desktop\\Curso BACKEND\\node_modules\\express\\lib\\router\\route.js:144:13)\n    at Route.dispatch (C:\\Users\\Nixon\\Desktop\\Curso BACKEND\\node_modules\\express\\lib\\router\\route.js:114:3)\n    at Layer.handle [as handle_request] (C:\\Users\\Nixon\\Desktop\\Curso BACKEND\\node_modules\\express\\lib\\router\\layer.js:95:5)\n    at C:\\Users\\Nixon\\Desktop\\Curso BACKEND\\node_modules\\express\\lib\\router\\index.js:284:15\n    at Function.process_params (C:\\Users\\Nixon\\Desktop\\Curso BACKEND\\node_modules\\express\\lib\\router\\index.js:346:12)\n    at next (C:\\Users\\Nixon\\Desktop\\Curso BACKEND\\node_modules\\express\\lib\\router\\index.js:280:10)\n    at Function.handle (C:\\Users\\Nixon\\Desktop\\Curso BACKEND\\node_modules\\express\\lib\\router\\index.js:175:3)"}
error: Error during user registration: Cannot read properties of undefined (reading 'getBy') {"stack":"TypeError: Cannot read properties of undefined (reading 'getBy')\n    at UserRepository.getUserBy (C:\\Users\\Nixon\\Desktop\\Curso BACKEND\\src\\repositories\\user.repository.js:7:49)\n    at register (C:\\Users\\Nixon\\Desktop\\Curso BACKEND\\src\\controllers\\session.controllers.js:22:57)\n    at Layer.handle [as handle_request] (C:\\Users\\Nixon\\Desktop\\Curso BACKEND\\node_modules\\express\\lib\\router\\layer.js:95:5)\n    at next (C:\\Users\\Nixon\\Desktop\\Curso BACKEND\\node_modules\\express\\lib\\router\\route.js:144:13)\n    at Route.dispatch (C:\\Users\\Nixon\\Desktop\\Curso BACKEND\\node_modules\\express\\lib\\router\\route.js:114:3)\n    at Layer.handle [as handle_request] (C:\\Users\\Nixon\\Desktop\\Curso BACKEND\\node_modules\\express\\lib\\router\\layer.js:95:5)\n    at C:\\Users\\Nixon\\Desktop\\Curso BACKEND\\node_modules\\express\\lib\\router\\index.js:284:15\n    at Function.process_params (C:\\Users\\Nixon\\Desktop\\Curso BACKEND\\node_modules\\express\\lib\\router\\index.js:346:12)\n    at next (C:\\Users\\Nixon\\Desktop\\Curso BACKEND\\node_modules\\express\\lib\\router\\index.js:280:10)\n    at Function.handle (C:\\Users\\Nixon\\Desktop\\Curso BACKEND\\node_modules\\express\\lib\\router\\index.js:175:3)"}
error: Error during user login: Cannot read properties of undefined (reading 'getBy') {"stack":"TypeError: Cannot read properties of undefined (reading 'getBy')\n    at UserRepository.getUserBy (C:\\Users\\Nixon\\Desktop\\Curso BACKEND\\src\\repositories\\user.repository.js:7:49)\n    at login (C:\\Users\\Nixon\\Desktop\\Curso BACKEND\\src\\controllers\\session.controllers.js:89:49)\n    at Layer.handle [as handle_request] (C:\\Users\\Nixon\\Desktop\\Curso BACKEND\\node_modules\\express\\lib\\router\\layer.js:95:5)\n    at next (C:\\Users\\Nixon\\Desktop\\Curso BACKEND\\node_modules\\express\\lib\\router\\route.js:144:13)\n    at Route.dispatch (C:\\Users\\Nixon\\Desktop\\Curso BACKEND\\node_modules\\express\\lib\\router\\route.js:114:3)\n    at Layer.handle [as handle_request] (C:\\Users\\Nixon\\Desktop\\Curso BACKEND\\node_modules\\express\\lib\\router\\layer.js:95:5)\n    at C:\\Users\\Nixon\\Desktop\\Curso BACKEND\\node_modules\\express\\lib\\router\\index.js:284:15\n    at Function.process_params (C:\\Users\\Nixon\\Desktop\\Curso BACKEND\\node_modules\\express\\lib\\router\\index.js:346:12)\n    at next (C:\\Users\\Nixon\\Desktop\\Curso BACKEND\\node_modules\\express\\lib\\router\\index.js:280:10)\n    at Function.handle (C:\\Users\\Nixon\\Desktop\\Curso BACKEND\\node_modules\\express\\lib\\router\\index.js:175:3)"}
error: Error during user registration: Cannot read properties of undefined (reading 'getBy') {"stack":"TypeError: Cannot read properties of undefined (reading 'getBy')\n    at UserRepository.getUserBy (C:\\Users\\Nixon\\Desktop\\Curso BACKEND\\src\\repositories\\user.repository.js:7:49)\n    at register (C:\\Users\\Nixon\\Desktop\\Curso BACKEND\\src\\controllers\\session.controllers.js:22:57)\n    at Layer.handle [as handle_request] (C:\\Users\\Nixon\\Desktop\\Curso BACKEND\\node_modules\\express\\lib\\router\\layer.js:95:5)\n    at next (C:\\Users\\Nixon\\Desktop\\Curso BACKEND\\node_modules\\express\\lib\\router\\route.js:144:13)\n    at Route.dispatch (C:\\Users\\Nixon\\Desktop\\Curso BACKEND\\node_modules\\express\\lib\\router\\route.js:114:3)\n    at Layer.handle [as handle_request] (C:\\Users\\Nixon\\Desktop\\Curso BACKEND\\node_modules\\express\\lib\\router\\layer.js:95:5)\n    at C:\\Users\\Nixon\\Desktop\\Curso BACKEND\\node_modules\\express\\lib\\router\\index.js:284:15\n    at Function.process_params (C:\\Users\\Nixon\\Desktop\\Curso BACKEND\\node_modules\\express\\lib\\router\\index.js:346:12)\n    at next (C:\\Users\\Nixon\\Desktop\\Curso BACKEND\\node_modules\\express\\lib\\router\\index.js:280:10)\n    at Function.handle (C:\\Users\\Nixon\\Desktop\\Curso BACKEND\\node_modules\\express\\lib\\router\\index.js:175:3)"}
error: Error during user registration: Cannot read properties of undefined (reading 'getBy') {"stack":"TypeError: Cannot read properties of undefined (reading 'getBy')\n    at UserRepository.getUserBy (C:\\Users\\Nixon\\Desktop\\Curso BACKEND\\src\\repositories\\user.repository.js:7:49)\n    at register (C:\\Users\\Nixon\\Desktop\\Curso BACKEND\\src\\controllers\\session.controllers.js:22:57)\n    at Layer.handle [as handle_request] (C:\\Users\\Nixon\\Desktop\\Curso BACKEND\\node_modules\\express\\lib\\router\\layer.js:95:5)\n    at next (C:\\Users\\Nixon\\Desktop\\Curso BACKEND\\node_modules\\express\\lib\\router\\route.js:144:13)\n    at Route.dispatch (C:\\Users\\Nixon\\Desktop\\Curso BACKEND\\node_modules\\express\\lib\\router\\route.js:114:3)\n    at Layer.handle [as handle_request] (C:\\Users\\Nixon\\Desktop\\Curso BACKEND\\node_modules\\express\\lib\\router\\layer.js:95:5)\n    at C:\\Users\\Nixon\\Desktop\\Curso BACKEND\\node_modules\\express\\lib\\router\\index.js:284:15\n    at Function.process_params (C:\\Users\\Nixon\\Desktop\\Curso BACKEND\\node_modules\\express\\lib\\router\\index.js:346:12)\n    at next (C:\\Users\\Nixon\\Desktop\\Curso BACKEND\\node_modules\\express\\lib\\router\\index.js:280:10)\n    at Function.handle (C:\\Users\\Nixon\\Desktop\\Curso BACKEND\\node_modules\\express\\lib\\router\\index.js:175:3)"}
error: Error during user login: Cannot read properties of undefined (reading 'getBy') {"stack":"TypeError: Cannot read properties of undefined (reading 'getBy')\n    at UserRepository.getUserBy (C:\\Users\\Nixon\\Desktop\\Curso BACKEND\\src\\repositories\\user.repository.js:7:49)\n    at login (C:\\Users\\Nixon\\Desktop\\Curso BACKEND\\src\\controllers\\session.controllers.js:89:49)\n    at Layer.handle [as handle_request] (C:\\Users\\Nixon\\Desktop\\Curso BACKEND\\node_modules\\express\\lib\\router\\layer.js:95:5)\n    at next (C:\\Users\\Nixon\\Desktop\\Curso BACKEND\\node_modules\\express\\lib\\router\\route.js:144:13)\n    at Route.dispatch (C:\\Users\\Nixon\\Desktop\\Curso BACKEND\\node_modules\\express\\lib\\router\\route.js:114:3)\n    at Layer.handle [as handle_request] (C:\\Users\\Nixon\\Desktop\\Curso BACKEND\\node_modules\\express\\lib\\router\\layer.js:95:5)\n    at C:\\Users\\Nixon\\Desktop\\Curso BACKEND\\node_modules\\express\\lib\\router\\index.js:284:15\n    at Function.process_params (C:\\Users\\Nixon\\Desktop\\Curso BACKEND\\node_modules\\express\\lib\\router\\index.js:346:12)\n    at next (C:\\Users\\Nixon\\Desktop\\Curso BACKEND\\node_modules\\express\\lib\\router\\index.js:280:10)\n    at Function.handle (C:\\Users\\Nixon\\Desktop\\Curso BACKEND\\node_modules\\express\\lib\\router\\index.js:175:3)"}
error: Error during user login: Cannot read properties of undefined (reading 'getBy') {"stack":"TypeError: Cannot read properties of undefined (reading 'getBy')\n    at UserRepository.getUserBy (C:\\Users\\Nixon\\Desktop\\Curso BACKEND\\src\\repositories\\user.repository.js:7:49)\n    at login (C:\\Users\\Nixon\\Desktop\\Curso BACKEND\\src\\controllers\\session.controllers.js:89:49)\n    at Layer.handle [as handle_request] (C:\\Users\\Nixon\\Desktop\\Curso BACKEND\\node_modules\\express\\lib\\router\\layer.js:95:5)\n    at next (C:\\Users\\Nixon\\Desktop\\Curso BACKEND\\node_modules\\express\\lib\\router\\route.js:144:13)\n    at Route.dispatch (C:\\Users\\Nixon\\Desktop\\Curso BACKEND\\node_modules\\express\\lib\\router\\route.js:114:3)\n    at Layer.handle [as handle_request] (C:\\Users\\Nixon\\Desktop\\Curso BACKEND\\node_modules\\express\\lib\\router\\layer.js:95:5)\n    at C:\\Users\\Nixon\\Desktop\\Curso BACKEND\\node_modules\\express\\lib\\router\\index.js:284:15\n    at Function.process_params (C:\\Users\\Nixon\\Desktop\\Curso BACKEND\\node_modules\\express\\lib\\router\\index.js:346:12)\n    at next (C:\\Users\\Nixon\\Desktop\\Curso BACKEND\\node_modules\\express\\lib\\router\\index.js:280:10)\n    at Function.handle (C:\\Users\\Nixon\\Desktop\\Curso BACKEND\\node_modules\\express\\lib\\router\\index.js:175:3)"}
error: Error during user login: Cannot read properties of undefined (reading 'getBy') {"stack":"TypeError: Cannot read properties of undefined (reading 'getBy')\n    at UserRepository.getUserBy (C:\\Users\\Nixon\\Desktop\\Curso BACKEND\\src\\repositories\\user.repository.js:7:49)\n    at login (C:\\Users\\Nixon\\Desktop\\Curso BACKEND\\src\\controllers\\session.controllers.js:89:49)\n    at Layer.handle [as handle_request] (C:\\Users\\Nixon\\Desktop\\Curso BACKEND\\node_modules\\express\\lib\\router\\layer.js:95:5)\n    at next (C:\\Users\\Nixon\\Desktop\\Curso BACKEND\\node_modules\\express\\lib\\router\\route.js:144:13)\n    at Route.dispatch (C:\\Users\\Nixon\\Desktop\\Curso BACKEND\\node_modules\\express\\lib\\router\\route.js:114:3)\n    at Layer.handle [as handle_request] (C:\\Users\\Nixon\\Desktop\\Curso BACKEND\\node_modules\\express\\lib\\router\\layer.js:95:5)\n    at C:\\Users\\Nixon\\Desktop\\Curso BACKEND\\node_modules\\express\\lib\\router\\index.js:284:15\n    at Function.process_params (C:\\Users\\Nixon\\Desktop\\Curso BACKEND\\node_modules\\express\\lib\\router\\index.js:346:12)\n    at next (C:\\Users\\Nixon\\Desktop\\Curso BACKEND\\node_modules\\express\\lib\\router\\index.js:280:10)\n    at Function.handle (C:\\Users\\Nixon\\Desktop\\Curso BACKEND\\node_modules\\express\\lib\\router\\index.js:175:3)"}
error: undefined
error: undefined
error: undefined
error: undefined
error: undefined
error: undefined
error: undefined
error: undefined
error: undefined
error: undefined
error: undefined
error: undefined
error: undefined
error: undefined
error: undefined
error: undefined
error: undefined
error: undefined
error: undefined
error: undefined
error: undefined
error: undefined
error: undefined
error: undefined
error: undefined
error: undefined
error: undefined
error: undefined
error: undefined
error: undefined
error: undefined
error: undefined
error: undefined
error: undefined
error: undefined
error: undefined
error: undefined
error: undefined
error: undefined
error: undefined
error: undefined
error: undefined
error: undefined
error: undefined
error: undefined
error: undefined
error: undefined
error: undefined
error: undefined
error: undefined
error: undefined
error: undefined
error: undefined
error: undefined
error: undefined
error: undefined
error: undefined
error: undefined
error: undefined
error: undefined
error: undefined
error: undefined
error: undefined
error: undefined
error: undefined
error: undefined
error: undefined
error: undefined
error: undefined
error: undefined
error: undefined
error: undefined
error: undefined
error: undefined
error: undefined
error: undefined
error: undefined
error: undefined
error: undefined
error: undefined
error: undefined
error: undefined
error: undefined
error: undefined
error: undefined
error: undefined
error: undefined
error: undefined
error: undefined
error: undefined
error: undefined
error: undefined
error: undefined
error: undefined
error: undefined
error: undefined
error: undefined
error: undefined
error: undefined
error: undefined
error: undefined
error: undefined
error: Error during user registration: Cannot read properties of undefined (reading 'getBy') {"stack":"TypeError: Cannot read properties of undefined (reading 'getBy')\n    at UserRepository.getUserBy (C:\\Users\\Nixon\\Desktop\\Curso BACKEND\\src\\repositories\\user.repository.js:7:49)\n    at register (C:\\Users\\Nixon\\Desktop\\Curso BACKEND\\src\\controllers\\session.controllers.js:22:57)\n    at Layer.handle [as handle_request] (C:\\Users\\Nixon\\Desktop\\Curso BACKEND\\node_modules\\express\\lib\\router\\layer.js:95:5)\n    at next (C:\\Users\\Nixon\\Desktop\\Curso BACKEND\\node_modules\\express\\lib\\router\\route.js:144:13)\n    at Route.dispatch (C:\\Users\\Nixon\\Desktop\\Curso BACKEND\\node_modules\\express\\lib\\router\\route.js:114:3)\n    at Layer.handle [as handle_request] (C:\\Users\\Nixon\\Desktop\\Curso BACKEND\\node_modules\\express\\lib\\router\\layer.js:95:5)\n    at C:\\Users\\Nixon\\Desktop\\Curso BACKEND\\node_modules\\express\\lib\\router\\index.js:284:15\n    at Function.process_params (C:\\Users\\Nixon\\Desktop\\Curso BACKEND\\node_modules\\express\\lib\\router\\index.js:346:12)\n    at next (C:\\Users\\Nixon\\Desktop\\Curso BACKEND\\node_modules\\express\\lib\\router\\index.js:280:10)\n    at Function.handle (C:\\Users\\Nixon\\Desktop\\Curso BACKEND\\node_modules\\express\\lib\\router\\index.js:175:3)"}
error: Error during user registration: Cannot read properties of undefined (reading 'getBy') {"stack":"TypeError: Cannot read properties of undefined (reading 'getBy')\n    at UserRepository.getUserBy (C:\\Users\\Nixon\\Desktop\\Curso BACKEND\\src\\repositories\\user.repository.js:7:49)\n    at register (C:\\Users\\Nixon\\Desktop\\Curso BACKEND\\src\\controllers\\session.controllers.js:22:57)\n    at Layer.handle [as handle_request] (C:\\Users\\Nixon\\Desktop\\Curso BACKEND\\node_modules\\express\\lib\\router\\layer.js:95:5)\n    at next (C:\\Users\\Nixon\\Desktop\\Curso BACKEND\\node_modules\\express\\lib\\router\\route.js:144:13)\n    at Route.dispatch (C:\\Users\\Nixon\\Desktop\\Curso BACKEND\\node_modules\\express\\lib\\router\\route.js:114:3)\n    at Layer.handle [as handle_request] (C:\\Users\\Nixon\\Desktop\\Curso BACKEND\\node_modules\\express\\lib\\router\\layer.js:95:5)\n    at C:\\Users\\Nixon\\Desktop\\Curso BACKEND\\node_modules\\express\\lib\\router\\index.js:284:15\n    at Function.process_params (C:\\Users\\Nixon\\Desktop\\Curso BACKEND\\node_modules\\express\\lib\\router\\index.js:346:12)\n    at next (C:\\Users\\Nixon\\Desktop\\Curso BACKEND\\node_modules\\express\\lib\\router\\index.js:280:10)\n    at Function.handle (C:\\Users\\Nixon\\Desktop\\Curso BACKEND\\node_modules\\express\\lib\\router\\index.js:175:3)"}
error: Error during user registration: Cannot read properties of undefined (reading 'getBy') {"stack":"TypeError: Cannot read properties of undefined (reading 'getBy')\n    at UserRepository.getUserBy (C:\\Users\\Nixon\\Desktop\\Curso BACKEND\\src\\repositories\\user.repository.js:7:49)\n    at register (C:\\Users\\Nixon\\Desktop\\Curso BACKEND\\src\\controllers\\session.controllers.js:22:57)\n    at Layer.handle [as handle_request] (C:\\Users\\Nixon\\Desktop\\Curso BACKEND\\node_modules\\express\\lib\\router\\layer.js:95:5)\n    at next (C:\\Users\\Nixon\\Desktop\\Curso BACKEND\\node_modules\\express\\lib\\router\\route.js:144:13)\n    at Route.dispatch (C:\\Users\\Nixon\\Desktop\\Curso BACKEND\\node_modules\\express\\lib\\router\\route.js:114:3)\n    at Layer.handle [as handle_request] (C:\\Users\\Nixon\\Desktop\\Curso BACKEND\\node_modules\\express\\lib\\router\\layer.js:95:5)\n    at C:\\Users\\Nixon\\Desktop\\Curso BACKEND\\node_modules\\express\\lib\\router\\index.js:284:15\n    at Function.process_params (C:\\Users\\Nixon\\Desktop\\Curso BACKEND\\node_modules\\express\\lib\\router\\index.js:346:12)\n    at next (C:\\Users\\Nixon\\Desktop\\Curso BACKEND\\node_modules\\express\\lib\\router\\index.js:280:10)\n    at Function.handle (C:\\Users\\Nixon\\Desktop\\Curso BACKEND\\node_modules\\express\\lib\\router\\index.js:175:3)"}
error: undefined {"view":{"defaultEngine":"hbs","ext":".hbs","name":"resetPassword","root":"C:\\Users\\Nixon\\Desktop\\Curso BACKEND\\src/views"}}
error: undefined
error: undefined
error: undefined
error: undefined
error: undefined
error: undefined
error: undefined
error: undefined
error: undefined
error: undefined
error: undefined
error: undefined
error: undefined
error: undefined
error: undefined
error: undefined
error: undefined
error: undefined
error: undefined
error: undefined
error: undefined
error: undefined
error: undefined
error: undefined
error: undefined
error: undefined
error: undefined
error: undefined
error: undefined
error: undefined
error: undefined
error: undefined
error: undefined
error: undefined
error: undefined
error: undefined
error: undefined
error: undefined
error: undefined
error: undefined
error: undefined
error: undefined
error: undefined
error: undefined
error: undefined
error: undefined
error: undefined
error: undefined
error: undefined
error: undefined
error: undefined
error: undefined
error: undefined
error: undefined
error: undefined
error: undefined
error: undefined
error: undefined
error: undefined
error: undefined
error: undefined
error: undefined
error: undefined
error: undefined
error: undefined
error: undefined
error: undefined
error: undefined
error: undefined
error: undefined {"code":"ENOENT","errno":-4058,"path":"C:\\Users\\Nixon\\Desktop\\Curso BACKEND\\src\\views\\layouts\\main.handlebars","syscall":"open"}
error: undefined {"code":"ENOENT","errno":-4058,"path":"C:\\Users\\Nixon\\Desktop\\Curso BACKEND\\src\\views\\layouts\\main.handlebars","syscall":"open"}
error: undefined {"code":"ENOENT","errno":-4058,"path":"C:\\Users\\Nixon\\Desktop\\Curso BACKEND\\src\\views\\layouts\\main.handlebars","syscall":"open"}
error: undefined {"code":"ENOENT","errno":-4058,"path":"C:\\Users\\Nixon\\Desktop\\Curso BACKEND\\src\\views\\layouts\\main.handlebars","syscall":"open"}
error: undefined {"code":"ENOENT","errno":-4058,"path":"C:\\Users\\Nixon\\Desktop\\Curso BACKEND\\src\\views\\layouts\\main.handlebars","syscall":"open"}
error: undefined {"code":"ENOENT","errno":-4058,"path":"C:\\Users\\Nixon\\Desktop\\Curso BACKEND\\src\\views\\layouts\\main.handlebars","syscall":"open"}
error: undefined {"code":"ENOENT","errno":-4058,"path":"C:\\Users\\Nixon\\Desktop\\Curso BACKEND\\src\\views\\layouts\\main.handlebars","syscall":"open"}
error: undefined {"code":"ENOENT","errno":-4058,"path":"C:\\Users\\Nixon\\Desktop\\Curso BACKEND\\src\\views\\layouts\\main.handlebars","syscall":"open"}
error: undefined {"code":"ENOENT","errno":-4058,"path":"C:\\Users\\Nixon\\Desktop\\Curso BACKEND\\src\\views\\layouts\\main.handlebars","syscall":"open"}
error: undefined {"code":"ENOENT","errno":-4058,"path":"C:\\Users\\Nixon\\Desktop\\Curso BACKEND\\src\\views\\layouts\\main.handlebars","syscall":"open"}
error: undefined {"code":"ENOENT","errno":-4058,"path":"C:\\Users\\Nixon\\Desktop\\Curso BACKEND\\src\\views\\layouts\\main.handlebars","syscall":"open"}
error: undefined {"code":"ENOENT","errno":-4058,"path":"C:\\Users\\Nixon\\Desktop\\Curso BACKEND\\src\\views\\layouts\\main.handlebars","syscall":"open"}
error: undefined {"code":"ENOENT","errno":-4058,"path":"C:\\Users\\Nixon\\Desktop\\Curso BACKEND\\src\\views\\layouts\\main.handlebars","syscall":"open"}
error: undefined {"code":"ENOENT","errno":-4058,"path":"C:\\Users\\Nixon\\Desktop\\Curso BACKEND\\src\\views\\layouts\\main.handlebars","syscall":"open"}
error: undefined {"code":"ENOENT","errno":-4058,"path":"C:\\Users\\Nixon\\Desktop\\Curso BACKEND\\src\\views\\layouts\\main.handlebars","syscall":"open"}
error: undefined {"code":"ENOENT","errno":-4058,"path":"C:\\Users\\Nixon\\Desktop\\Curso BACKEND\\src\\views\\layouts\\main.handlebars","syscall":"open"}
error: undefined {"code":"ENOENT","errno":-4058,"path":"C:\\Users\\Nixon\\Desktop\\Curso BACKEND\\src\\views\\layouts\\main.handlebars","syscall":"open"}
error: undefined {"code":"ENOENT","errno":-4058,"path":"C:\\Users\\Nixon\\Desktop\\Curso BACKEND\\src\\views\\layouts\\main.handlebars","syscall":"open"}
error: undefined {"code":"ENOENT","errno":-4058,"path":"C:\\Users\\Nixon\\Desktop\\Curso BACKEND\\src\\views\\layouts\\main.handlebars","syscall":"open"}
error: undefined {"code":"ENOENT","errno":-4058,"path":"C:\\Users\\Nixon\\Desktop\\Curso BACKEND\\src\\views\\layouts\\main.handlebars","syscall":"open"}
error: undefined {"code":"ENOENT","errno":-4058,"path":"C:\\Users\\Nixon\\Desktop\\Curso BACKEND\\src\\views\\layouts\\main.handlebars","syscall":"open"}
error: undefined {"code":"ENOENT","errno":-4058,"path":"C:\\Users\\Nixon\\Desktop\\Curso BACKEND\\src\\views\\layouts\\main.handlebars","syscall":"open"}
error: undefined {"code":"ENOENT","errno":-4058,"path":"C:\\Users\\Nixon\\Desktop\\Curso BACKEND\\src\\views\\layouts\\main.handlebars","syscall":"open"}
error: undefined {"code":"ENOENT","errno":-4058,"path":"C:\\Users\\Nixon\\Desktop\\Curso BACKEND\\src\\views\\layouts\\main.handlebars","syscall":"open"}
error: undefined {"code":"ENOENT","errno":-4058,"path":"C:\\Users\\Nixon\\Desktop\\Curso BACKEND\\src\\views\\layouts\\main.handlebars","syscall":"open"}
error: undefined
error: undefined
error: undefined
error: undefined
error: Error during user login: Cannot read properties of undefined (reading 'getBy') {"stack":"TypeError: Cannot read properties of undefined (reading 'getBy')\n    at UserRepository.getUserBy (C:\\Users\\Nixon\\Desktop\\Curso BACKEND\\src\\repositories\\user.repository.js:7:49)\n    at login (C:\\Users\\Nixon\\Desktop\\Curso BACKEND\\src\\controllers\\session.controllers.js:89:49)\n    at Layer.handle [as handle_request] (C:\\Users\\Nixon\\Desktop\\Curso BACKEND\\node_modules\\express\\lib\\router\\layer.js:95:5)\n    at next (C:\\Users\\Nixon\\Desktop\\Curso BACKEND\\node_modules\\express\\lib\\router\\route.js:144:13)\n    at Route.dispatch (C:\\Users\\Nixon\\Desktop\\Curso BACKEND\\node_modules\\express\\lib\\router\\route.js:114:3)\n    at Layer.handle [as handle_request] (C:\\Users\\Nixon\\Desktop\\Curso BACKEND\\node_modules\\express\\lib\\router\\layer.js:95:5)\n    at C:\\Users\\Nixon\\Desktop\\Curso BACKEND\\node_modules\\express\\lib\\router\\index.js:284:15\n    at Function.process_params (C:\\Users\\Nixon\\Desktop\\Curso BACKEND\\node_modules\\express\\lib\\router\\index.js:346:12)\n    at next (C:\\Users\\Nixon\\Desktop\\Curso BACKEND\\node_modules\\express\\lib\\router\\index.js:280:10)\n    at Function.handle (C:\\Users\\Nixon\\Desktop\\Curso BACKEND\\node_modules\\express\\lib\\router\\index.js:175:3)"}
error: Error during user registration: Cannot read properties of undefined (reading 'getBy') {"stack":"TypeError: Cannot read properties of undefined (reading 'getBy')\n    at UserRepository.getUserBy (C:\\Users\\Nixon\\Desktop\\Curso BACKEND\\src\\repositories\\user.repository.js:7:49)\n    at register (C:\\Users\\Nixon\\Desktop\\Curso BACKEND\\src\\controllers\\session.controllers.js:22:57)\n    at Layer.handle [as handle_request] (C:\\Users\\Nixon\\Desktop\\Curso BACKEND\\node_modules\\express\\lib\\router\\layer.js:95:5)\n    at next (C:\\Users\\Nixon\\Desktop\\Curso BACKEND\\node_modules\\express\\lib\\router\\route.js:144:13)\n    at Route.dispatch (C:\\Users\\Nixon\\Desktop\\Curso BACKEND\\node_modules\\express\\lib\\router\\route.js:114:3)\n    at Layer.handle [as handle_request] (C:\\Users\\Nixon\\Desktop\\Curso BACKEND\\node_modules\\express\\lib\\router\\layer.js:95:5)\n    at C:\\Users\\Nixon\\Desktop\\Curso BACKEND\\node_modules\\express\\lib\\router\\index.js:284:15\n    at Function.process_params (C:\\Users\\Nixon\\Desktop\\Curso BACKEND\\node_modules\\express\\lib\\router\\index.js:346:12)\n    at next (C:\\Users\\Nixon\\Desktop\\Curso BACKEND\\node_modules\\express\\lib\\router\\index.js:280:10)\n    at Function.handle (C:\\Users\\Nixon\\Desktop\\Curso BACKEND\\node_modules\\express\\lib\\router\\index.js:175:3)"}
error: undefined
error: Error during user login: Cannot read properties of undefined (reading 'getBy') {"stack":"TypeError: Cannot read properties of undefined (reading 'getBy')\n    at UserRepository.getUserBy (C:\\Users\\Nixon\\Desktop\\Curso BACKEND\\src\\repositories\\user.repository.js:9:49)\n    at login (C:\\Users\\Nixon\\Desktop\\Curso BACKEND\\src\\controllers\\session.controllers.js:89:49)\n    at Layer.handle [as handle_request] (C:\\Users\\Nixon\\Desktop\\Curso BACKEND\\node_modules\\express\\lib\\router\\layer.js:95:5)\n    at next (C:\\Users\\Nixon\\Desktop\\Curso BACKEND\\node_modules\\express\\lib\\router\\route.js:144:13)\n    at Route.dispatch (C:\\Users\\Nixon\\Desktop\\Curso BACKEND\\node_modules\\express\\lib\\router\\route.js:114:3)\n    at Layer.handle [as handle_request] (C:\\Users\\Nixon\\Desktop\\Curso BACKEND\\node_modules\\express\\lib\\router\\layer.js:95:5)\n    at C:\\Users\\Nixon\\Desktop\\Curso BACKEND\\node_modules\\express\\lib\\router\\index.js:284:15\n    at Function.process_params (C:\\Users\\Nixon\\Desktop\\Curso BACKEND\\node_modules\\express\\lib\\router\\index.js:346:12)\n    at next (C:\\Users\\Nixon\\Desktop\\Curso BACKEND\\node_modules\\express\\lib\\router\\index.js:280:10)\n    at Function.handle (C:\\Users\\Nixon\\Desktop\\Curso BACKEND\\node_modules\\express\\lib\\router\\index.js:175:3)"}
error: undefined
error: undefined
error: undefined
error: Error during user registration: Cannot read properties of undefined (reading 'getBy') {"stack":"TypeError: Cannot read properties of undefined (reading 'getBy')\n    at UserRepository.getUserBy (C:\\Users\\Nixon\\Desktop\\Curso BACKEND\\src\\repositories\\user.repository.js:9:49)\n    at register (C:\\Users\\Nixon\\Desktop\\Curso BACKEND\\src\\controllers\\session.controllers.js:22:57)\n    at Layer.handle [as handle_request] (C:\\Users\\Nixon\\Desktop\\Curso BACKEND\\node_modules\\express\\lib\\router\\layer.js:95:5)\n    at next (C:\\Users\\Nixon\\Desktop\\Curso BACKEND\\node_modules\\express\\lib\\router\\route.js:144:13)\n    at Route.dispatch (C:\\Users\\Nixon\\Desktop\\Curso BACKEND\\node_modules\\express\\lib\\router\\route.js:114:3)\n    at Layer.handle [as handle_request] (C:\\Users\\Nixon\\Desktop\\Curso BACKEND\\node_modules\\express\\lib\\router\\layer.js:95:5)\n    at C:\\Users\\Nixon\\Desktop\\Curso BACKEND\\node_modules\\express\\lib\\router\\index.js:284:15\n    at Function.process_params (C:\\Users\\Nixon\\Desktop\\Curso BACKEND\\node_modules\\express\\lib\\router\\index.js:346:12)\n    at next (C:\\Users\\Nixon\\Desktop\\Curso BACKEND\\node_modules\\express\\lib\\router\\index.js:280:10)\n    at Function.handle (C:\\Users\\Nixon\\Desktop\\Curso BACKEND\\node_modules\\express\\lib\\router\\index.js:175:3)"}
error: Error during user registration: Cannot read properties of undefined (reading 'getBy') {"stack":"TypeError: Cannot read properties of undefined (reading 'getBy')\n    at UserRepository.getUserBy (C:\\Users\\Nixon\\Desktop\\Curso BACKEND\\src\\repositories\\user.repository.js:9:49)\n    at register (C:\\Users\\Nixon\\Desktop\\Curso BACKEND\\src\\controllers\\session.controllers.js:22:57)\n    at Layer.handle [as handle_request] (C:\\Users\\Nixon\\Desktop\\Curso BACKEND\\node_modules\\express\\lib\\router\\layer.js:95:5)\n    at next (C:\\Users\\Nixon\\Desktop\\Curso BACKEND\\node_modules\\express\\lib\\router\\route.js:144:13)\n    at Route.dispatch (C:\\Users\\Nixon\\Desktop\\Curso BACKEND\\node_modules\\express\\lib\\router\\route.js:114:3)\n    at Layer.handle [as handle_request] (C:\\Users\\Nixon\\Desktop\\Curso BACKEND\\node_modules\\express\\lib\\router\\layer.js:95:5)\n    at C:\\Users\\Nixon\\Desktop\\Curso BACKEND\\node_modules\\express\\lib\\router\\index.js:284:15\n    at Function.process_params (C:\\Users\\Nixon\\Desktop\\Curso BACKEND\\node_modules\\express\\lib\\router\\index.js:346:12)\n    at next (C:\\Users\\Nixon\\Desktop\\Curso BACKEND\\node_modules\\express\\lib\\router\\index.js:280:10)\n    at Function.handle (C:\\Users\\Nixon\\Desktop\\Curso BACKEND\\node_modules\\express\\lib\\router\\index.js:175:3)"}
error: Error during user registration: Cannot read properties of undefined (reading 'getBy') {"stack":"TypeError: Cannot read properties of undefined (reading 'getBy')\n    at UserRepository.getUserBy (C:\\Users\\Nixon\\Desktop\\Curso BACKEND\\src\\repositories\\user.repository.js:9:49)\n    at register (C:\\Users\\Nixon\\Desktop\\Curso BACKEND\\src\\controllers\\session.controllers.js:22:57)\n    at Layer.handle [as handle_request] (C:\\Users\\Nixon\\Desktop\\Curso BACKEND\\node_modules\\express\\lib\\router\\layer.js:95:5)\n    at next (C:\\Users\\Nixon\\Desktop\\Curso BACKEND\\node_modules\\express\\lib\\router\\route.js:144:13)\n    at Route.dispatch (C:\\Users\\Nixon\\Desktop\\Curso BACKEND\\node_modules\\express\\lib\\router\\route.js:114:3)\n    at Layer.handle [as handle_request] (C:\\Users\\Nixon\\Desktop\\Curso BACKEND\\node_modules\\express\\lib\\router\\layer.js:95:5)\n    at C:\\Users\\Nixon\\Desktop\\Curso BACKEND\\node_modules\\express\\lib\\router\\index.js:284:15\n    at Function.process_params (C:\\Users\\Nixon\\Desktop\\Curso BACKEND\\node_modules\\express\\lib\\router\\index.js:346:12)\n    at next (C:\\Users\\Nixon\\Desktop\\Curso BACKEND\\node_modules\\express\\lib\\router\\index.js:280:10)\n    at Function.handle (C:\\Users\\Nixon\\Desktop\\Curso BACKEND\\node_modules\\express\\lib\\router\\index.js:175:3)"}
error: Error during user registration: Cannot read properties of undefined (reading 'getBy') {"stack":"TypeError: Cannot read properties of undefined (reading 'getBy')\n    at UserRepository.getUserBy (C:\\Users\\Nixon\\Desktop\\Curso BACKEND\\src\\repositories\\user.repository.js:9:49)\n    at register (C:\\Users\\Nixon\\Desktop\\Curso BACKEND\\src\\controllers\\session.controllers.js:22:57)\n    at Layer.handle [as handle_request] (C:\\Users\\Nixon\\Desktop\\Curso BACKEND\\node_modules\\express\\lib\\router\\layer.js:95:5)\n    at next (C:\\Users\\Nixon\\Desktop\\Curso BACKEND\\node_modules\\express\\lib\\router\\route.js:144:13)\n    at Route.dispatch (C:\\Users\\Nixon\\Desktop\\Curso BACKEND\\node_modules\\express\\lib\\router\\route.js:114:3)\n    at Layer.handle [as handle_request] (C:\\Users\\Nixon\\Desktop\\Curso BACKEND\\node_modules\\express\\lib\\router\\layer.js:95:5)\n    at C:\\Users\\Nixon\\Desktop\\Curso BACKEND\\node_modules\\express\\lib\\router\\index.js:284:15\n    at Function.process_params (C:\\Users\\Nixon\\Desktop\\Curso BACKEND\\node_modules\\express\\lib\\router\\index.js:346:12)\n    at next (C:\\Users\\Nixon\\Desktop\\Curso BACKEND\\node_modules\\express\\lib\\router\\index.js:280:10)\n    at Function.handle (C:\\Users\\Nixon\\Desktop\\Curso BACKEND\\node_modules\\express\\lib\\router\\index.js:175:3)"}
error: Error during user registration: Cannot read properties of undefined (reading 'getBy') {"stack":"TypeError: Cannot read properties of undefined (reading 'getBy')\n    at UserRepository.getUserBy (C:\\Users\\Nixon\\Desktop\\Curso BACKEND\\src\\repositories\\user.repository.js:9:49)\n    at register (C:\\Users\\Nixon\\Desktop\\Curso BACKEND\\src\\controllers\\session.controllers.js:22:57)\n    at Layer.handle [as handle_request] (C:\\Users\\Nixon\\Desktop\\Curso BACKEND\\node_modules\\express\\lib\\router\\layer.js:95:5)\n    at next (C:\\Users\\Nixon\\Desktop\\Curso BACKEND\\node_modules\\express\\lib\\router\\route.js:144:13)\n    at Route.dispatch (C:\\Users\\Nixon\\Desktop\\Curso BACKEND\\node_modules\\express\\lib\\router\\route.js:114:3)\n    at Layer.handle [as handle_request] (C:\\Users\\Nixon\\Desktop\\Curso BACKEND\\node_modules\\express\\lib\\router\\layer.js:95:5)\n    at C:\\Users\\Nixon\\Desktop\\Curso BACKEND\\node_modules\\express\\lib\\router\\index.js:284:15\n    at Function.process_params (C:\\Users\\Nixon\\Desktop\\Curso BACKEND\\node_modules\\express\\lib\\router\\index.js:346:12)\n    at next (C:\\Users\\Nixon\\Desktop\\Curso BACKEND\\node_modules\\express\\lib\\router\\index.js:280:10)\n    at Function.handle (C:\\Users\\Nixon\\Desktop\\Curso BACKEND\\node_modules\\express\\lib\\router\\index.js:175:3)"}
error: Error during user registration: Cannot read properties of undefined (reading 'getBy') {"stack":"TypeError: Cannot read properties of undefined (reading 'getBy')\n    at UserRepository.getUserBy (C:\\Users\\Nixon\\Desktop\\Curso BACKEND\\src\\repositories\\user.repository.js:8:49)\n    at register (C:\\Users\\Nixon\\Desktop\\Curso BACKEND\\src\\controllers\\session.controllers.js:22:57)\n    at Layer.handle [as handle_request] (C:\\Users\\Nixon\\Desktop\\Curso BACKEND\\node_modules\\express\\lib\\router\\layer.js:95:5)\n    at next (C:\\Users\\Nixon\\Desktop\\Curso BACKEND\\node_modules\\express\\lib\\router\\route.js:144:13)\n    at Route.dispatch (C:\\Users\\Nixon\\Desktop\\Curso BACKEND\\node_modules\\express\\lib\\router\\route.js:114:3)\n    at Layer.handle [as handle_request] (C:\\Users\\Nixon\\Desktop\\Curso BACKEND\\node_modules\\express\\lib\\router\\layer.js:95:5)\n    at C:\\Users\\Nixon\\Desktop\\Curso BACKEND\\node_modules\\express\\lib\\router\\index.js:284:15\n    at Function.process_params (C:\\Users\\Nixon\\Desktop\\Curso BACKEND\\node_modules\\express\\lib\\router\\index.js:346:12)\n    at next (C:\\Users\\Nixon\\Desktop\\Curso BACKEND\\node_modules\\express\\lib\\router\\index.js:280:10)\n    at Function.handle (C:\\Users\\Nixon\\Desktop\\Curso BACKEND\\node_modules\\express\\lib\\router\\index.js:175:3)"}
error: Error during user registration: Cannot read properties of undefined (reading 'getBy') {"stack":"TypeError: Cannot read properties of undefined (reading 'getBy')\n    at UserRepository.getUserBy (C:\\Users\\Nixon\\Desktop\\Curso BACKEND\\src\\repositories\\user.repository.js:8:49)\n    at register (C:\\Users\\Nixon\\Desktop\\Curso BACKEND\\src\\controllers\\session.controllers.js:22:57)\n    at Layer.handle [as handle_request] (C:\\Users\\Nixon\\Desktop\\Curso BACKEND\\node_modules\\express\\lib\\router\\layer.js:95:5)\n    at next (C:\\Users\\Nixon\\Desktop\\Curso BACKEND\\node_modules\\express\\lib\\router\\route.js:144:13)\n    at Route.dispatch (C:\\Users\\Nixon\\Desktop\\Curso BACKEND\\node_modules\\express\\lib\\router\\route.js:114:3)\n    at Layer.handle [as handle_request] (C:\\Users\\Nixon\\Desktop\\Curso BACKEND\\node_modules\\express\\lib\\router\\layer.js:95:5)\n    at C:\\Users\\Nixon\\Desktop\\Curso BACKEND\\node_modules\\express\\lib\\router\\index.js:284:15\n    at Function.process_params (C:\\Users\\Nixon\\Desktop\\Curso BACKEND\\node_modules\\express\\lib\\router\\index.js:346:12)\n    at next (C:\\Users\\Nixon\\Desktop\\Curso BACKEND\\node_modules\\express\\lib\\router\\index.js:280:10)\n    at Function.handle (C:\\Users\\Nixon\\Desktop\\Curso BACKEND\\node_modules\\express\\lib\\router\\index.js:175:3)"}
error: Error during user registration: Cannot read properties of undefined (reading 'getBy') {"stack":"TypeError: Cannot read properties of undefined (reading 'getBy')\n    at UserRepository.getUserBy (C:\\Users\\Nixon\\Desktop\\Curso BACKEND\\src\\repositories\\user.repository.js:8:49)\n    at register (C:\\Users\\Nixon\\Desktop\\Curso BACKEND\\src\\controllers\\session.controllers.js:22:57)\n    at Layer.handle [as handle_request] (C:\\Users\\Nixon\\Desktop\\Curso BACKEND\\node_modules\\express\\lib\\router\\layer.js:95:5)\n    at next (C:\\Users\\Nixon\\Desktop\\Curso BACKEND\\node_modules\\express\\lib\\router\\route.js:144:13)\n    at Route.dispatch (C:\\Users\\Nixon\\Desktop\\Curso BACKEND\\node_modules\\express\\lib\\router\\route.js:114:3)\n    at Layer.handle [as handle_request] (C:\\Users\\Nixon\\Desktop\\Curso BACKEND\\node_modules\\express\\lib\\router\\layer.js:95:5)\n    at C:\\Users\\Nixon\\Desktop\\Curso BACKEND\\node_modules\\express\\lib\\router\\index.js:284:15\n    at Function.process_params (C:\\Users\\Nixon\\Desktop\\Curso BACKEND\\node_modules\\express\\lib\\router\\index.js:346:12)\n    at next (C:\\Users\\Nixon\\Desktop\\Curso BACKEND\\node_modules\\express\\lib\\router\\index.js:280:10)\n    at Function.handle (C:\\Users\\Nixon\\Desktop\\Curso BACKEND\\node_modules\\express\\lib\\router\\index.js:175:3)"}
error: Error during user registration: Cannot read properties of undefined (reading 'getBy') {"stack":"TypeError: Cannot read properties of undefined (reading 'getBy')\n    at UserRepository.getUserBy (C:\\Users\\Nixon\\Desktop\\Curso BACKEND\\src\\repositories\\user.repository.js:8:49)\n    at register (C:\\Users\\Nixon\\Desktop\\Curso BACKEND\\src\\controllers\\session.controllers.js:22:57)\n    at Layer.handle [as handle_request] (C:\\Users\\Nixon\\Desktop\\Curso BACKEND\\node_modules\\express\\lib\\router\\layer.js:95:5)\n    at next (C:\\Users\\Nixon\\Desktop\\Curso BACKEND\\node_modules\\express\\lib\\router\\route.js:144:13)\n    at Route.dispatch (C:\\Users\\Nixon\\Desktop\\Curso BACKEND\\node_modules\\express\\lib\\router\\route.js:114:3)\n    at Layer.handle [as handle_request] (C:\\Users\\Nixon\\Desktop\\Curso BACKEND\\node_modules\\express\\lib\\router\\layer.js:95:5)\n    at C:\\Users\\Nixon\\Desktop\\Curso BACKEND\\node_modules\\express\\lib\\router\\index.js:284:15\n    at Function.process_params (C:\\Users\\Nixon\\Desktop\\Curso BACKEND\\node_modules\\express\\lib\\router\\index.js:346:12)\n    at next (C:\\Users\\Nixon\\Desktop\\Curso BACKEND\\node_modules\\express\\lib\\router\\index.js:280:10)\n    at Function.handle (C:\\Users\\Nixon\\Desktop\\Curso BACKEND\\node_modules\\express\\lib\\router\\index.js:175:3)"}
error: Error during user registration: Cannot read properties of undefined (reading 'getBy') {"stack":"TypeError: Cannot read properties of undefined (reading 'getBy')\n    at UserRepository.getUserBy (C:\\Users\\Nixon\\Desktop\\Curso BACKEND\\src\\repositories\\user.repository.js:8:49)\n    at register (C:\\Users\\Nixon\\Desktop\\Curso BACKEND\\src\\controllers\\session.controllers.js:22:57)\n    at Layer.handle [as handle_request] (C:\\Users\\Nixon\\Desktop\\Curso BACKEND\\node_modules\\express\\lib\\router\\layer.js:95:5)\n    at next (C:\\Users\\Nixon\\Desktop\\Curso BACKEND\\node_modules\\express\\lib\\router\\route.js:144:13)\n    at Route.dispatch (C:\\Users\\Nixon\\Desktop\\Curso BACKEND\\node_modules\\express\\lib\\router\\route.js:114:3)\n    at Layer.handle [as handle_request] (C:\\Users\\Nixon\\Desktop\\Curso BACKEND\\node_modules\\express\\lib\\router\\layer.js:95:5)\n    at C:\\Users\\Nixon\\Desktop\\Curso BACKEND\\node_modules\\express\\lib\\router\\index.js:284:15\n    at Function.process_params (C:\\Users\\Nixon\\Desktop\\Curso BACKEND\\node_modules\\express\\lib\\router\\index.js:346:12)\n    at next (C:\\Users\\Nixon\\Desktop\\Curso BACKEND\\node_modules\\express\\lib\\router\\index.js:280:10)\n    at Function.handle (C:\\Users\\Nixon\\Desktop\\Curso BACKEND\\node_modules\\express\\lib\\router\\index.js:175:3)"}
error: undefined
error: undefined
error: undefined
error: undefined
error: undefined
error: Error during user login: Cannot read properties of undefined (reading 'getBy') {"stack":"TypeError: Cannot read properties of undefined (reading 'getBy')\n    at UserRepository.getUserBy (C:\\Users\\Nixon\\Desktop\\Curso BACKEND\\src\\repositories\\user.repository.js:8:49)\n    at login (C:\\Users\\Nixon\\Desktop\\Curso BACKEND\\src\\controllers\\session.controllers.js:89:49)\n    at Layer.handle [as handle_request] (C:\\Users\\Nixon\\Desktop\\Curso BACKEND\\node_modules\\express\\lib\\router\\layer.js:95:5)\n    at next (C:\\Users\\Nixon\\Desktop\\Curso BACKEND\\node_modules\\express\\lib\\router\\route.js:144:13)\n    at Route.dispatch (C:\\Users\\Nixon\\Desktop\\Curso BACKEND\\node_modules\\express\\lib\\router\\route.js:114:3)\n    at Layer.handle [as handle_request] (C:\\Users\\Nixon\\Desktop\\Curso BACKEND\\node_modules\\express\\lib\\router\\layer.js:95:5)\n    at C:\\Users\\Nixon\\Desktop\\Curso BACKEND\\node_modules\\express\\lib\\router\\index.js:284:15\n    at Function.process_params (C:\\Users\\Nixon\\Desktop\\Curso BACKEND\\node_modules\\express\\lib\\router\\index.js:346:12)\n    at next (C:\\Users\\Nixon\\Desktop\\Curso BACKEND\\node_modules\\express\\lib\\router\\index.js:280:10)\n    at Function.handle (C:\\Users\\Nixon\\Desktop\\Curso BACKEND\\node_modules\\express\\lib\\router\\index.js:175:3)"}
error: Error during user login: Cannot read properties of undefined (reading 'getBy') {"stack":"TypeError: Cannot read properties of undefined (reading 'getBy')\n    at UserRepository.getUserBy (C:\\Users\\Nixon\\Desktop\\Curso BACKEND\\src\\repositories\\user.repository.js:8:49)\n    at login (C:\\Users\\Nixon\\Desktop\\Curso BACKEND\\src\\controllers\\session.controllers.js:89:49)\n    at Layer.handle [as handle_request] (C:\\Users\\Nixon\\Desktop\\Curso BACKEND\\node_modules\\express\\lib\\router\\layer.js:95:5)\n    at next (C:\\Users\\Nixon\\Desktop\\Curso BACKEND\\node_modules\\express\\lib\\router\\route.js:144:13)\n    at Route.dispatch (C:\\Users\\Nixon\\Desktop\\Curso BACKEND\\node_modules\\express\\lib\\router\\route.js:114:3)\n    at Layer.handle [as handle_request] (C:\\Users\\Nixon\\Desktop\\Curso BACKEND\\node_modules\\express\\lib\\router\\layer.js:95:5)\n    at C:\\Users\\Nixon\\Desktop\\Curso BACKEND\\node_modules\\express\\lib\\router\\index.js:284:15\n    at Function.process_params (C:\\Users\\Nixon\\Desktop\\Curso BACKEND\\node_modules\\express\\lib\\router\\index.js:346:12)\n    at next (C:\\Users\\Nixon\\Desktop\\Curso BACKEND\\node_modules\\express\\lib\\router\\index.js:280:10)\n    at Function.handle (C:\\Users\\Nixon\\Desktop\\Curso BACKEND\\node_modules\\express\\lib\\router\\index.js:175:3)"}
error: Error during user login: Cannot read properties of undefined (reading 'getBy') {"stack":"TypeError: Cannot read properties of undefined (reading 'getBy')\n    at UserRepository.getUserBy (C:\\Users\\Nixon\\Desktop\\Curso BACKEND\\src\\repositories\\user.repository.js:8:49)\n    at login (C:\\Users\\Nixon\\Desktop\\Curso BACKEND\\src\\controllers\\session.controllers.js:89:49)\n    at Layer.handle [as handle_request] (C:\\Users\\Nixon\\Desktop\\Curso BACKEND\\node_modules\\express\\lib\\router\\layer.js:95:5)\n    at next (C:\\Users\\Nixon\\Desktop\\Curso BACKEND\\node_modules\\express\\lib\\router\\route.js:144:13)\n    at Route.dispatch (C:\\Users\\Nixon\\Desktop\\Curso BACKEND\\node_modules\\express\\lib\\router\\route.js:114:3)\n    at Layer.handle [as handle_request] (C:\\Users\\Nixon\\Desktop\\Curso BACKEND\\node_modules\\express\\lib\\router\\layer.js:95:5)\n    at C:\\Users\\Nixon\\Desktop\\Curso BACKEND\\node_modules\\express\\lib\\router\\index.js:284:15\n    at Function.process_params (C:\\Users\\Nixon\\Desktop\\Curso BACKEND\\node_modules\\express\\lib\\router\\index.js:346:12)\n    at next (C:\\Users\\Nixon\\Desktop\\Curso BACKEND\\node_modules\\express\\lib\\router\\index.js:280:10)\n    at Function.handle (C:\\Users\\Nixon\\Desktop\\Curso BACKEND\\node_modules\\express\\lib\\router\\index.js:175:3)"}
error: undefined
error: undefined
error: undefined
error: Error during user registration: Cannot read properties of undefined (reading 'getBy') {"stack":"TypeError: Cannot read properties of undefined (reading 'getBy')\n    at UserRepository.getUserBy (C:\\Users\\Nixon\\Desktop\\Curso BACKEND\\src\\repositories\\user.repository.js:8:49)\n    at register (C:\\Users\\Nixon\\Desktop\\Curso BACKEND\\src\\controllers\\session.controllers.js:22:57)\n    at Layer.handle [as handle_request] (C:\\Users\\Nixon\\Desktop\\Curso BACKEND\\node_modules\\express\\lib\\router\\layer.js:95:5)\n    at next (C:\\Users\\Nixon\\Desktop\\Curso BACKEND\\node_modules\\express\\lib\\router\\route.js:144:13)\n    at Route.dispatch (C:\\Users\\Nixon\\Desktop\\Curso BACKEND\\node_modules\\express\\lib\\router\\route.js:114:3)\n    at Layer.handle [as handle_request] (C:\\Users\\Nixon\\Desktop\\Curso BACKEND\\node_modules\\express\\lib\\router\\layer.js:95:5)\n    at C:\\Users\\Nixon\\Desktop\\Curso BACKEND\\node_modules\\express\\lib\\router\\index.js:284:15\n    at Function.process_params (C:\\Users\\Nixon\\Desktop\\Curso BACKEND\\node_modules\\express\\lib\\router\\index.js:346:12)\n    at next (C:\\Users\\Nixon\\Desktop\\Curso BACKEND\\node_modules\\express\\lib\\router\\index.js:280:10)\n    at Function.handle (C:\\Users\\Nixon\\Desktop\\Curso BACKEND\\node_modules\\express\\lib\\router\\index.js:175:3)"}
error: Error during user registration: Cannot read properties of undefined (reading 'getBy') {"stack":"TypeError: Cannot read properties of undefined (reading 'getBy')\n    at UserRepository.getUserBy (C:\\Users\\Nixon\\Desktop\\Curso BACKEND\\src\\repositories\\user.repository.js:8:49)\n    at register (C:\\Users\\Nixon\\Desktop\\Curso BACKEND\\src\\controllers\\session.controllers.js:22:57)\n    at Layer.handle [as handle_request] (C:\\Users\\Nixon\\Desktop\\Curso BACKEND\\node_modules\\express\\lib\\router\\layer.js:95:5)\n    at next (C:\\Users\\Nixon\\Desktop\\Curso BACKEND\\node_modules\\express\\lib\\router\\route.js:144:13)\n    at Route.dispatch (C:\\Users\\Nixon\\Desktop\\Curso BACKEND\\node_modules\\express\\lib\\router\\route.js:114:3)\n    at Layer.handle [as handle_request] (C:\\Users\\Nixon\\Desktop\\Curso BACKEND\\node_modules\\express\\lib\\router\\layer.js:95:5)\n    at C:\\Users\\Nixon\\Desktop\\Curso BACKEND\\node_modules\\express\\lib\\router\\index.js:284:15\n    at Function.process_params (C:\\Users\\Nixon\\Desktop\\Curso BACKEND\\node_modules\\express\\lib\\router\\index.js:346:12)\n    at next (C:\\Users\\Nixon\\Desktop\\Curso BACKEND\\node_modules\\express\\lib\\router\\index.js:280:10)\n    at Function.handle (C:\\Users\\Nixon\\Desktop\\Curso BACKEND\\node_modules\\express\\lib\\router\\index.js:175:3)"}
error: Error during user registration: Cannot read properties of undefined (reading 'getBy') {"stack":"TypeError: Cannot read properties of undefined (reading 'getBy')\n    at UserRepository.getUserBy (C:\\Users\\Nixon\\Desktop\\Curso BACKEND\\src\\repositories\\user.repository.js:8:49)\n    at register (C:\\Users\\Nixon\\Desktop\\Curso BACKEND\\src\\controllers\\session.controllers.js:22:57)\n    at Layer.handle [as handle_request] (C:\\Users\\Nixon\\Desktop\\Curso BACKEND\\node_modules\\express\\lib\\router\\layer.js:95:5)\n    at next (C:\\Users\\Nixon\\Desktop\\Curso BACKEND\\node_modules\\express\\lib\\router\\route.js:144:13)\n    at Route.dispatch (C:\\Users\\Nixon\\Desktop\\Curso BACKEND\\node_modules\\express\\lib\\router\\route.js:114:3)\n    at Layer.handle [as handle_request] (C:\\Users\\Nixon\\Desktop\\Curso BACKEND\\node_modules\\express\\lib\\router\\layer.js:95:5)\n    at C:\\Users\\Nixon\\Desktop\\Curso BACKEND\\node_modules\\express\\lib\\router\\index.js:284:15\n    at Function.process_params (C:\\Users\\Nixon\\Desktop\\Curso BACKEND\\node_modules\\express\\lib\\router\\index.js:346:12)\n    at next (C:\\Users\\Nixon\\Desktop\\Curso BACKEND\\node_modules\\express\\lib\\router\\index.js:280:10)\n    at Function.handle (C:\\Users\\Nixon\\Desktop\\Curso BACKEND\\node_modules\\express\\lib\\router\\index.js:175:3)"}
error: Error during user registration: Cannot read properties of undefined (reading 'getBy') {"stack":"TypeError: Cannot read properties of undefined (reading 'getBy')\n    at UserRepository.getUserBy (C:\\Users\\Nixon\\Desktop\\Curso BACKEND\\src\\repositories\\user.repository.js:8:49)\n    at register (C:\\Users\\Nixon\\Desktop\\Curso BACKEND\\src\\controllers\\session.controllers.js:22:57)\n    at Layer.handle [as handle_request] (C:\\Users\\Nixon\\Desktop\\Curso BACKEND\\node_modules\\express\\lib\\router\\layer.js:95:5)\n    at next (C:\\Users\\Nixon\\Desktop\\Curso BACKEND\\node_modules\\express\\lib\\router\\route.js:144:13)\n    at Route.dispatch (C:\\Users\\Nixon\\Desktop\\Curso BACKEND\\node_modules\\express\\lib\\router\\route.js:114:3)\n    at Layer.handle [as handle_request] (C:\\Users\\Nixon\\Desktop\\Curso BACKEND\\node_modules\\express\\lib\\router\\layer.js:95:5)\n    at C:\\Users\\Nixon\\Desktop\\Curso BACKEND\\node_modules\\express\\lib\\router\\index.js:284:15\n    at Function.process_params (C:\\Users\\Nixon\\Desktop\\Curso BACKEND\\node_modules\\express\\lib\\router\\index.js:346:12)\n    at next (C:\\Users\\Nixon\\Desktop\\Curso BACKEND\\node_modules\\express\\lib\\router\\index.js:280:10)\n    at Function.handle (C:\\Users\\Nixon\\Desktop\\Curso BACKEND\\node_modules\\express\\lib\\router\\index.js:175:3)"}
error: Error during user registration: Cannot read properties of undefined (reading 'getBy') {"stack":"TypeError: Cannot read properties of undefined (reading 'getBy')\n    at UserRepository.getUserBy (C:\\Users\\Nixon\\Desktop\\Curso BACKEND\\src\\repositories\\user.repository.js:8:49)\n    at register (C:\\Users\\Nixon\\Desktop\\Curso BACKEND\\src\\controllers\\session.controllers.js:22:57)\n    at Layer.handle [as handle_request] (C:\\Users\\Nixon\\Desktop\\Curso BACKEND\\node_modules\\express\\lib\\router\\layer.js:95:5)\n    at next (C:\\Users\\Nixon\\Desktop\\Curso BACKEND\\node_modules\\express\\lib\\router\\route.js:144:13)\n    at Route.dispatch (C:\\Users\\Nixon\\Desktop\\Curso BACKEND\\node_modules\\express\\lib\\router\\route.js:114:3)\n    at Layer.handle [as handle_request] (C:\\Users\\Nixon\\Desktop\\Curso BACKEND\\node_modules\\express\\lib\\router\\layer.js:95:5)\n    at C:\\Users\\Nixon\\Desktop\\Curso BACKEND\\node_modules\\express\\lib\\router\\index.js:284:15\n    at Function.process_params (C:\\Users\\Nixon\\Desktop\\Curso BACKEND\\node_modules\\express\\lib\\router\\index.js:346:12)\n    at next (C:\\Users\\Nixon\\Desktop\\Curso BACKEND\\node_modules\\express\\lib\\router\\index.js:280:10)\n    at Function.handle (C:\\Users\\Nixon\\Desktop\\Curso BACKEND\\node_modules\\express\\lib\\router\\index.js:175:3)"}
error: Error during user registration: Cannot read properties of undefined (reading 'getBy') {"stack":"TypeError: Cannot read properties of undefined (reading 'getBy')\n    at UserRepository.getUserBy (C:\\Users\\Nixon\\Desktop\\Curso BACKEND\\src\\repositories\\user.repository.js:8:49)\n    at register (C:\\Users\\Nixon\\Desktop\\Curso BACKEND\\src\\controllers\\session.controllers.js:22:57)\n    at Layer.handle [as handle_request] (C:\\Users\\Nixon\\Desktop\\Curso BACKEND\\node_modules\\express\\lib\\router\\layer.js:95:5)\n    at next (C:\\Users\\Nixon\\Desktop\\Curso BACKEND\\node_modules\\express\\lib\\router\\route.js:144:13)\n    at Route.dispatch (C:\\Users\\Nixon\\Desktop\\Curso BACKEND\\node_modules\\express\\lib\\router\\route.js:114:3)\n    at Layer.handle [as handle_request] (C:\\Users\\Nixon\\Desktop\\Curso BACKEND\\node_modules\\express\\lib\\router\\layer.js:95:5)\n    at C:\\Users\\Nixon\\Desktop\\Curso BACKEND\\node_modules\\express\\lib\\router\\index.js:284:15\n    at Function.process_params (C:\\Users\\Nixon\\Desktop\\Curso BACKEND\\node_modules\\express\\lib\\router\\index.js:346:12)\n    at next (C:\\Users\\Nixon\\Desktop\\Curso BACKEND\\node_modules\\express\\lib\\router\\index.js:280:10)\n    at Function.handle (C:\\Users\\Nixon\\Desktop\\Curso BACKEND\\node_modules\\express\\lib\\router\\index.js:175:3)"}
error: Error during user registration: Cannot read properties of undefined (reading 'getBy') {"stack":"TypeError: Cannot read properties of undefined (reading 'getBy')\n    at UserRepository.getUserBy (C:\\Users\\Nixon\\Desktop\\Curso BACKEND\\src\\repositories\\user.repository.js:8:49)\n    at register (C:\\Users\\Nixon\\Desktop\\Curso BACKEND\\src\\controllers\\session.controllers.js:22:57)\n    at Layer.handle [as handle_request] (C:\\Users\\Nixon\\Desktop\\Curso BACKEND\\node_modules\\express\\lib\\router\\layer.js:95:5)\n    at next (C:\\Users\\Nixon\\Desktop\\Curso BACKEND\\node_modules\\express\\lib\\router\\route.js:144:13)\n    at Route.dispatch (C:\\Users\\Nixon\\Desktop\\Curso BACKEND\\node_modules\\express\\lib\\router\\route.js:114:3)\n    at Layer.handle [as handle_request] (C:\\Users\\Nixon\\Desktop\\Curso BACKEND\\node_modules\\express\\lib\\router\\layer.js:95:5)\n    at C:\\Users\\Nixon\\Desktop\\Curso BACKEND\\node_modules\\express\\lib\\router\\index.js:284:15\n    at Function.process_params (C:\\Users\\Nixon\\Desktop\\Curso BACKEND\\node_modules\\express\\lib\\router\\index.js:346:12)\n    at next (C:\\Users\\Nixon\\Desktop\\Curso BACKEND\\node_modules\\express\\lib\\router\\index.js:280:10)\n    at Function.handle (C:\\Users\\Nixon\\Desktop\\Curso BACKEND\\node_modules\\express\\lib\\router\\index.js:175:3)"}
error: Error during user registration: Cannot read properties of undefined (reading 'getBy') {"stack":"TypeError: Cannot read properties of undefined (reading 'getBy')\n    at UserRepository.getUserBy (C:\\Users\\Nixon\\Desktop\\Curso BACKEND\\src\\repositories\\user.repository.js:8:49)\n    at register (C:\\Users\\Nixon\\Desktop\\Curso BACKEND\\src\\controllers\\session.controllers.js:22:57)\n    at Layer.handle [as handle_request] (C:\\Users\\Nixon\\Desktop\\Curso BACKEND\\node_modules\\express\\lib\\router\\layer.js:95:5)\n    at next (C:\\Users\\Nixon\\Desktop\\Curso BACKEND\\node_modules\\express\\lib\\router\\route.js:144:13)\n    at Route.dispatch (C:\\Users\\Nixon\\Desktop\\Curso BACKEND\\node_modules\\express\\lib\\router\\route.js:114:3)\n    at Layer.handle [as handle_request] (C:\\Users\\Nixon\\Desktop\\Curso BACKEND\\node_modules\\express\\lib\\router\\layer.js:95:5)\n    at C:\\Users\\Nixon\\Desktop\\Curso BACKEND\\node_modules\\express\\lib\\router\\index.js:284:15\n    at Function.process_params (C:\\Users\\Nixon\\Desktop\\Curso BACKEND\\node_modules\\express\\lib\\router\\index.js:346:12)\n    at next (C:\\Users\\Nixon\\Desktop\\Curso BACKEND\\node_modules\\express\\lib\\router\\index.js:280:10)\n    at Function.handle (C:\\Users\\Nixon\\Desktop\\Curso BACKEND\\node_modules\\express\\lib\\router\\index.js:175:3)"}
error: undefined
error: undefined
error: undefined
error: undefined
error: undefined
error: undefined
error: undefined
error: undefined
error: undefined
error: undefined
error: undefined
error: undefined
error: undefined
error: undefined
error: undefined
error: undefined
error: Error during user registration: Cannot read properties of undefined (reading 'getUserBy') {"stack":"TypeError: Cannot read properties of undefined (reading 'getUserBy')\n    at register (C:\\Users\\Nixon\\Desktop\\Curso BACKEND\\src\\controllers\\session.controllers.js:22:57)\n    at Layer.handle [as handle_request] (C:\\Users\\Nixon\\Desktop\\Curso BACKEND\\node_modules\\express\\lib\\router\\layer.js:95:5)\n    at next (C:\\Users\\Nixon\\Desktop\\Curso BACKEND\\node_modules\\express\\lib\\router\\route.js:144:13)\n    at Route.dispatch (C:\\Users\\Nixon\\Desktop\\Curso BACKEND\\node_modules\\express\\lib\\router\\route.js:114:3)\n    at Layer.handle [as handle_request] (C:\\Users\\Nixon\\Desktop\\Curso BACKEND\\node_modules\\express\\lib\\router\\layer.js:95:5)\n    at C:\\Users\\Nixon\\Desktop\\Curso BACKEND\\node_modules\\express\\lib\\router\\index.js:284:15\n    at Function.process_params (C:\\Users\\Nixon\\Desktop\\Curso BACKEND\\node_modules\\express\\lib\\router\\index.js:346:12)\n    at next (C:\\Users\\Nixon\\Desktop\\Curso BACKEND\\node_modules\\express\\lib\\router\\index.js:280:10)\n    at Function.handle (C:\\Users\\Nixon\\Desktop\\Curso BACKEND\\node_modules\\express\\lib\\router\\index.js:175:3)\n    at router (C:\\Users\\Nixon\\Desktop\\Curso BACKEND\\node_modules\\express\\lib\\router\\index.js:47:12)"}
error: undefined
error: Error during user login: Cannot read properties of null (reading 'email') {"stack":"TypeError: Cannot read properties of null (reading 'email')\n    at login (C:\\Users\\Nixon\\Desktop\\Curso BACKEND\\src\\controllers\\session.controllers.js:96:21)\n    at process.processTicksAndRejections (node:internal/process/task_queues:95:5)"}
error: Error during user login: Cannot read properties of null (reading 'email') {"stack":"TypeError: Cannot read properties of null (reading 'email')\n    at login (C:\\Users\\Nixon\\Desktop\\Curso BACKEND\\src\\controllers\\session.controllers.js:96:21)\n    at process.processTicksAndRejections (node:internal/process/task_queues:95:5)"}
error: undefined
error: Error during user login: Cannot read properties of null (reading 'email') {"stack":"TypeError: Cannot read properties of null (reading 'email')\n    at login (C:\\Users\\Nixon\\Desktop\\Curso BACKEND\\src\\controllers\\session.controllers.js:96:21)\n    at process.processTicksAndRejections (node:internal/process/task_queues:95:5)"}
error: undefined
error: Error during user login: Cannot read properties of null (reading 'email') {"stack":"TypeError: Cannot read properties of null (reading 'email')\n    at login (C:\\Users\\Nixon\\Desktop\\Curso BACKEND\\src\\controllers\\session.controllers.js:96:21)\n    at process.processTicksAndRejections (node:internal/process/task_queues:95:5)"}
error: undefined
error: undefined
error: undefined
error: undefined
error: undefined
error: undefined
error: undefined
error: undefined
error: undefined
error: undefined
error: undefined
error: undefined
error: undefined
error: undefined
error: undefined
error: undefined
error: undefined
error: undefined
error: undefined
error: undefined
error: undefined
error: undefined
error: undefined
error: undefined
error: undefined
error: undefined
error: undefined
error: undefined
error: undefined
error: undefined
error: undefined
error: undefined
error: undefined
error: undefined
error: undefined
error: undefined
error: undefined
error: undefined
error: undefined
error: undefined
error: undefined
error: undefined
error: undefined
error: undefined
error: undefined
error: undefined
error: undefined
error: Error during user login: Cannot read properties of null (reading 'email') {"stack":"TypeError: Cannot read properties of null (reading 'email')\n    at login (C:\\Users\\Nixon\\Desktop\\Curso BACKEND\\src\\controllers\\session.controllers.js:99:21)\n    at process.processTicksAndRejections (node:internal/process/task_queues:95:5)"}
error: undefined
error: undefined {"view":{"defaultEngine":"hbs","ext":".hbs","name":"resetPassword","root":"C:\\Users\\Nixon\\Desktop\\Curso BACKEND\\src/views"}}
error: undefined {"view":{"defaultEngine":"hbs","ext":".hbs","name":"resetPassword","root":"C:\\Users\\Nixon\\Desktop\\Curso BACKEND\\src/views"}}
error: undefined {"view":{"defaultEngine":"hbs","ext":".hbs","name":"resetPassword","root":"C:\\Users\\Nixon\\Desktop\\Curso BACKEND\\src/views"}}
error: undefined {"view":{"defaultEngine":"hbs","ext":".hbs","name":"resetPassword","root":"C:\\Users\\Nixon\\Desktop\\Curso BACKEND\\src/views"}}
error: undefined
error: undefined
error: undefined
error: undefined
error: undefined
error: undefined
error: undefined {"view":{"defaultEngine":"hbs","ext":".hbs","name":"resetPassword","root":"C:\\Users\\Nixon\\Desktop\\Curso BACKEND\\src/views"}}
error: undefined
error: undefined
error: undefined
error: undefined
error: undefined
error: undefined
error: undefined
error: undefined
error: undefined
error: undefined {"kind":"ObjectId","path":"_id","reason":{},"stringValue":"\"${item.product}\"","value":"${item.product}","valueType":"string"}
error: undefined {"kind":"ObjectId","path":"_id","reason":{},"stringValue":"\"${item.product}\"","value":"${item.product}","valueType":"string"}
error: Error during user registration: data and salt arguments required {"stack":"Error: data and salt arguments required\n    at Object.hashSync (C:\\Users\\Nixon\\Desktop\\Curso BACKEND\\node_modules\\bcrypt\\bcrypt.js:91:15)\n    at exports.createHash (C:\\Users\\Nixon\\Desktop\\Curso BACKEND\\src\\utils\\hashPassword.js:3:41)\n    at register (C:\\Users\\Nixon\\Desktop\\Curso BACKEND\\src\\controllers\\session.controllers.js:42:27)\n    at process.processTicksAndRejections (node:internal/process/task_queues:95:5)"}
error: Error during user registration: data and salt arguments required {"stack":"Error: data and salt arguments required\n    at Object.hashSync (C:\\Users\\Nixon\\Desktop\\Curso BACKEND\\node_modules\\bcrypt\\bcrypt.js:91:15)\n    at exports.createHash (C:\\Users\\Nixon\\Desktop\\Curso BACKEND\\src\\utils\\hashPassword.js:3:41)\n    at register (C:\\Users\\Nixon\\Desktop\\Curso BACKEND\\src\\controllers\\session.controllers.js:42:27)\n    at process.processTicksAndRejections (node:internal/process/task_queues:95:5)"}
error: Error during user registration: data and salt arguments required {"stack":"Error: data and salt arguments required\n    at Object.hashSync (C:\\Users\\Nixon\\Desktop\\Curso BACKEND\\node_modules\\bcrypt\\bcrypt.js:91:15)\n    at exports.createHash (C:\\Users\\Nixon\\Desktop\\Curso BACKEND\\src\\utils\\hashPassword.js:3:41)\n    at register (C:\\Users\\Nixon\\Desktop\\Curso BACKEND\\src\\controllers\\session.controllers.js:42:27)\n    at process.processTicksAndRejections (node:internal/process/task_queues:95:5)"}
error: undefined {"kind":"ObjectId","path":"_id","reason":{},"stringValue":"\"${item.product}\"","value":"${item.product}","valueType":"string"}
error: undefined
error: undefined
error: undefined
error: undefined
error: undefined
error: undefined
error: undefined
error: undefined {"code":8000,"codeName":"AtlasError","connectionGeneration":0,"ok":0}
error: Error during user login: Cannot read properties of null (reading 'email') {"stack":"TypeError: Cannot read properties of null (reading 'email')\n    at login (C:\\Users\\Nixon\\Desktop\\Curso BACKEND\\src\\controllers\\session.controllers.js:101:21)\n    at process.processTicksAndRejections (node:internal/process/task_queues:95:5)"}
error: undefined
error: undefined
error: Error loading cart: ENOENT: no such file or directory, open 'C:\Users\Nixon\Desktop\Curso BACKEND\mockDB\cart.json' {"code":"ENOENT","errno":-4058,"path":"C:\\Users\\Nixon\\Desktop\\Curso BACKEND\\mockDB\\cart.json","stack":"Error: ENOENT: no such file or directory, open 'C:\\Users\\Nixon\\Desktop\\Curso BACKEND\\mockDB\\cart.json'","syscall":"open"}
error: Error loading cart: ENOENT: no such file or directory, open 'C:\Users\Nixon\Desktop\mockDB\cart.json' {"code":"ENOENT","errno":-4058,"path":"C:\\Users\\Nixon\\Desktop\\mockDB\\cart.json","stack":"Error: ENOENT: no such file or directory, open 'C:\\Users\\Nixon\\Desktop\\mockDB\\cart.json'","syscall":"open"}
error: Error loading cart: ENOENT: no such file or directory, open 'C:\Users\Nixon\mockDB\cart.json' {"code":"ENOENT","errno":-4058,"path":"C:\\Users\\Nixon\\mockDB\\cart.json","stack":"Error: ENOENT: no such file or directory, open 'C:\\Users\\Nixon\\mockDB\\cart.json'","syscall":"open"}
error: Error loading cart: EISDIR: illegal operation on a directory, read {"code":"EISDIR","errno":-4068,"stack":"Error: EISDIR: illegal operation on a directory, read","syscall":"read"}
error: Error loading cart: EISDIR: illegal operation on a directory, read {"code":"EISDIR","errno":-4068,"stack":"Error: EISDIR: illegal operation on a directory, read","syscall":"read"}
error: Error loading cart: ENOENT: no such file or directory, open 'C:\Users\Nixon\Desktop\Curso BACKEND\mockDb\cart.json' {"code":"ENOENT","errno":-4058,"path":"C:\\Users\\Nixon\\Desktop\\Curso BACKEND\\mockDb\\cart.json","stack":"Error: ENOENT: no such file or directory, open 'C:\\Users\\Nixon\\Desktop\\Curso BACKEND\\mockDb\\cart.json'","syscall":"open"}
error: Error loading cart: ENOENT: no such file or directory, open 'C:\Users\Nixon\Desktop\mockDb\cart.json' {"code":"ENOENT","errno":-4058,"path":"C:\\Users\\Nixon\\Desktop\\mockDb\\cart.json","stack":"Error: ENOENT: no such file or directory, open 'C:\\Users\\Nixon\\Desktop\\mockDb\\cart.json'","syscall":"open"}
error: Error loading cart: ENOENT: no such file or directory, open 'C:\Users\Nixon\Desktop\Curso BACKEND\mockDB\cart.json' {"code":"ENOENT","errno":-4058,"path":"C:\\Users\\Nixon\\Desktop\\Curso BACKEND\\mockDB\\cart.json","stack":"Error: ENOENT: no such file or directory, open 'C:\\Users\\Nixon\\Desktop\\Curso BACKEND\\mockDB\\cart.json'","syscall":"open"}
error: Error loading cart: ENOENT: no such file or directory, open 'C:\Users\Nixon\Desktop\Curso BACKEND\mockDb\cart.json' {"code":"ENOENT","errno":-4058,"path":"C:\\Users\\Nixon\\Desktop\\Curso BACKEND\\mockDb\\cart.json","stack":"Error: ENOENT: no such file or directory, open 'C:\\Users\\Nixon\\Desktop\\Curso BACKEND\\mockDb\\cart.json'","syscall":"open"}
error: Error during user login: Cannot read properties of null (reading 'email') {"stack":"TypeError: Cannot read properties of null (reading 'email')\n    at login (C:\\Users\\Nixon\\Desktop\\Curso BACKEND\\src\\controllers\\session.controllers.js:101:21)\n    at process.processTicksAndRejections (node:internal/process/task_queues:95:5)"}
error: undefined
error: undefined
error: Error loading cart: ENOENT: no such file or directory, open 'C:\Users\Nixon\Desktop\Curso BACKEND\mockDb\cart.json' {"code":"ENOENT","errno":-4058,"path":"C:\\Users\\Nixon\\Desktop\\Curso BACKEND\\mockDb\\cart.json","stack":"Error: ENOENT: no such file or directory, open 'C:\\Users\\Nixon\\Desktop\\Curso BACKEND\\mockDb\\cart.json'","syscall":"open"}
error: Error loading cart: ENOENT: no such file or directory, open 'C:\Users\Nixon\Desktop\mockDb\cart.json' {"code":"ENOENT","errno":-4058,"path":"C:\\Users\\Nixon\\Desktop\\mockDb\\cart.json","stack":"Error: ENOENT: no such file or directory, open 'C:\\Users\\Nixon\\Desktop\\mockDb\\cart.json'","syscall":"open"}
error: Error loading cart: ENOENT: no such file or directory, open 'C:\Users\Nixon\Desktop\mockDb\cart.json' {"code":"ENOENT","errno":-4058,"path":"C:\\Users\\Nixon\\Desktop\\mockDb\\cart.json","stack":"Error: ENOENT: no such file or directory, open 'C:\\Users\\Nixon\\Desktop\\mockDb\\cart.json'","syscall":"open"}
error: Error loading cart: ENOENT: no such file or directory, open 'C:\Users\Nixon\mockDb\cart.json' {"code":"ENOENT","errno":-4058,"path":"C:\\Users\\Nixon\\mockDb\\cart.json","stack":"Error: ENOENT: no such file or directory, open 'C:\\Users\\Nixon\\mockDb\\cart.json'","syscall":"open"}
error: Error loading cart: ENOENT: no such file or directory, open 'C:\Users\Nixon\Desktop\Curso BACKEND\srcmockDbcart.json' {"code":"ENOENT","errno":-4058,"path":"C:\\Users\\Nixon\\Desktop\\Curso BACKEND\\srcmockDbcart.json","stack":"Error: ENOENT: no such file or directory, open 'C:\\Users\\Nixon\\Desktop\\Curso BACKEND\\srcmockDbcart.json'","syscall":"open"}
error: Error loading cart: Unexpected end of JSON input {"stack":"SyntaxError: Unexpected end of JSON input\n    at JSON.parse (<anonymous>)\n    at CartManager.loadCart (C:\\Users\\Nixon\\Desktop\\Curso BACKEND\\src\\daos\\file\\cartManagerFile.js:14:28)"}
error: undefined
error: undefined
